0 0 0 0 0 0 0 0 0 0 0 0 0 0 0 0 0 0 0 23 30 22 22 0 2014-02-07
41 60 60 0 4 0 0 0 0 0 0 0 11 37 0 0 39 60 21 0 0 0 0 0 2014-02-08
0 1 0 0 0 0 0 0 0 0 0 0 34 14 3 0 0 0 0 0 0 0 14 60 2014-02-09
60 10 0 0 0 0 0 0 0 0 5 0 0 0 0 0 0 0 0 59 56 52 3 41 2014-02-10
30 0 0 0 0 0 0 0 0 0 0 15 0 0 0 25 0 45 20 39 55 56 0 15 2014-02-11
0 0 0 0 0 0 0 0 0 0 0 29 18 0 0 37 32 26 60 43 42 57 60 60 2014-02-12
60 60 2 0 0 0 0 1 22 0 0 0 0 0 0 35 59 33 0 13 42 60 60 60 2014-02-13
40 0 0 0 0 0 0 40 60 20 0 32 1 0 7 36 0 0 0 0 0 0 0 0 2014-02-14
58 60 58 0 0 0 0 0 0 0 1 60 0 29 19 0 13 17 0 0 36 56 56 55 2014-02-15
57 0 0 0 0 0 0 0 0 0 25 60 0 31 60 60 60 60 54 41 56 55 46 0 2014-02-16
0 0 0 0 0 0 0 0 0 3 42 0 11 0 0 2 0 0 13 47 60 60 60 60 2014-02-17
60 21 0 0 0 0 0 0 0 44 3 4 0 11 0 30 0 19 0 0 34 60 28 59 2014-02-18
60 28 0 0 0 0 0 0 0 0 59 38 32 17 0 0 20 58 2 45 53 60 0 30 2014-02-19
48 0 0 0 0 0 0 0 20 0 0 0 28 11 0 41 0 16 2 41 31 60 60 51 2014-02-20
0 0 0 0 0 0 0 30 0 29 2 55 20 35 50 28 60 60 59 60 60 60 60 60 2014-02-21
60 56 0 0 0 0 0 0 0 12 45 51 0 1 30 0 0 0 1 0 45 60 45 60 2014-02-22
60 29 0 0 0 0 0 0 0 0 0 0 0 1 56 60 60 60 60 60 0 45 39 57 2014-02-23
53 0 0 0 0 0 0 0 0 8 16 0 60 15 0 0 7 0 12 56 60 59 55 60 2014-02-24
13 0 0 0 0 0 0 0 0 0 0 9 0 0 0 37 0 14 25 46 42 60 60 60 2014-02-25
60 60 36 0 0 0 0 0 0 29 52 0 0 0 0 0 48 30 0 0 0 45 60 54 2014-02-26
60 25 0 0 0 0 0 0 20 37 19 0 0 60 60 47 0 48 14 0 0 11 0 57 2014-02-27
50 0 0 0 0 0 0 1 0 0 0 32 50 0 0 0 0 0 13 18 60 60 0 54 2014-02-28
60 42 0 0 0 0 0 0 0 0 0 40 0 42 28 0 0 25 32 52 47 60 60 60 2014-03-01
60 60 20 0 0 0 0 0 0 0 32 48 0 48 43 60 60 60 56 43 20 55 60 60 2014-03-02
60 21 0 0 0 0 0 0 0 0 47 0 7 0 0 37 40 31 15 18 60 0 21 0 2014-03-03
0 0 0 0 0 0 0 0 0 54 5 9 0 2 0 33 59 40 0 0 8 60 60 0 2014-03-04
0 2 0 0 0 0 0 0 0 0 52 33 0 0 0 0 34 55 7 33 51 60 60 41 2014-03-05
3 0 0 0 0 0 0 0 0 0 0 0 0 5 4 38 49 34 46 0 19 60 60 49 2014-03-06
0 0 0 0 0 0 0 41 0 16 11 0 1 8 0 0 0 0 0 37 56 41 49 0 2014-03-07
0 0 0 0 0 0 0 0 0 0 0 0 19 1 28 41 0 38 36 60 60 60 60 0 2014-03-08
0 0 0 0 0 0 0 0 0 0 0 12 51 3 0 24 60 60 57 52 0 53 60 57 2014-03-09
0 0 0 0 0 0 0 0 0 0 44 0 25 10 17 48 0 5 0 0 2 40 0 1 2014-03-10
0 0 0 0 0 0 0 0 0 20 0 0 0 0 0 29 0 26 44 0 0 13 0 0 2014-03-11
0 0 0 0 0 0 0 0 0 0 32 57 60 54 0 0 24 12 0 0 60 60 52 60 2014-03-12
60 9 0 0 0 0 0 0 0 0 0 0 0 48 1 30 0 49 24 26 0 0 0 0 2014-03-13
0 52 29 0 0 0 0 35 0 11 0 2 0 0 21 49 0 0 0 46 36 59 60 60 2014-03-14
60 57 0 0 0 0 0 0 0 0 0 0 10 0 0 0 0 0 0 0 0 0 16 60 2014-03-15
60 60 43 0 0 0 0 0 0 0 0 0 0 0 0 52 0 30 0 58 59 60 60 60 2014-03-16
60 60 44 0 0 0 0 0 0 0 0 0 0 0 0 0 0 0 38 45 59 60 52 0 2014-03-17
0 0 0 0 51 41 0 0 0 0 0 0 0 48 60 60 60 33 5 25 1 0 49 60 2014-03-18
60 60 60 60 19 0 0 0 0 0 0 0 0 0 0 0 0 0 0 3 57 0 22 48 2014-03-19
46 60 60 0 38 0 36 0 7 0 0 0 0 29 36 0 31 0 9 46 54 50 52 60 2014-03-20
60 59 0 0 0 0 0 0 0 0 39 51 28 31 41 21 38 30 21 13 0 0 51 59 2014-03-21
60 52 0 13 0 0 0 0 0 0 0 0 0 0 17 60 0 54 40 56 0 45 20 54 2014-03-22
22 0 0 0 0 0 0 0 0 0 0 0 0 0 0 0 0 0 0 31 60 60 51 4 2014-03-23
0 0 0 0 0 0 0 0 0 12 36 57 0 19 2 24 14 0 0 45 56 58 55 8 2014-03-24
0 0 0 0 0 0 0 0 0 0 0 0 0 0 0 28 0 17 0 0 26 60 60 60 2014-03-25
50 0 0 0 0 0 0 0 0 13 46 32 46 0 0 0 0 0 41 28 60 60 0 23 2014-03-26
38 24 0 0 0 0 0 0 0 0 0 0 0 0 0 8 0 11 56 31 56 26 25 60 2014-03-27
36 0 0 0 0 0 1 49 60 24 0 21 15 0 1 3 0 0 27 4 0 0 38 60 2014-03-28
60 60 34 0 0 0 0 0 0 0 0 4 0 0 5 0 0 0 0 18 56 50 60 60 2014-03-29
60 30 0 0 0 0 0 0 0 0 0 50 0 24 0 48 0 30 60 0 41 60 60 50 2014-03-30
2 0 0 0 0 0 0 0 0 0 31 0 15 0 0 0 1 5 47 55 57 60 60 60 2014-03-31
49 0 0 0 0 0 0 0 21 39 19 0 0 6 0 37 0 20 32 56 55 60 42 49 2014-04-01
60 16 0 0 0 0 0 0 0 0 39 55 41 0 30 59 45 21 20 60 60 60 42 20 2014-04-02
0 0 0 0 0 0 0 0 4 7 0 23 12 13 0 16 5 0 6 33 0 16 52 0 2014-04-03
0 0 0 0 0 0 0 0 35 9 0 59 5 0 0 0 0 0 6 53 18 0 33 12 2014-04-04
0 0 17 0 0 0 0 0 0 0 0 44 19 45 37 0 32 0 0 0 41 0 0 5 2014-04-05
0 0 1 0 0 0 0 0 0 0 39 47 5 29 13 0 0 0 0 0 0 0 0 0 2014-04-06
0 0 0 0 0 0 0 0 0 10 35 56 0 0 0 6 25 1 7 0 0 0 0 0 2014-04-07
0 0 0 0 0 0 0 0 0 47 20 0 0 10 12 28 0 24 46 0 0 0 5 0 2014-04-08
0 0 0 0 0 0 0 0 0 8 0 28 59 41 59 60 21 16 1 20 0 0 37 0 2014-04-09
0 0 0 0 0 0 0 0 0 2 0 0 46 14 0 0 0 0 3 0 0 0 53 47 2014-04-10
0 0 0 0 0 0 0 47 0 26 0 53 22 0 0 0 0 27 32 33 60 60 0 26 2014-04-11
0 0 0 19 11 0 0 0 0 7 0 50 37 0 0 0 0 0 0 35 0 0 0 27 2014-04-12
60 27 0 0 0 0 0 0 0 0 14 60 0 53 56 60 43 0 0 0 0 0 58 60 2014-04-13
5 0 0 0 0 0 0 0 0 20 60 0 18 0 0 0 0 14 12 6 60 60 60 0 2014-04-14
0 0 0 0 0 0 0 0 0 8 0 0 0 0 0 42 0 37 38 36 43 56 60 60 2014-04-15
60 23 0 0 0 0 0 0 0 0 0 30 18 0 23 0 13 7 0 0 0 31 60 60 2014-04-16
52 2 0 0 0 0 0 0 0 35 21 0 0 6 0 28 35 28 0 50 33 60 60 45 2014-04-17
16 0 0 0 0 0 0 43 0 7 0 37 18 0 42 15 21 0 5 0 0 26 11 0 2014-04-18
0 0 10 24 0 0 0 0 0 0 0 36 39 0 12 0 2 0 8 31 0 0 0 0 2014-04-19
2 27 0 0 0 0 0 0 0 0 25 60 52 24 45 7 19 0 0 5 0 50 53 7 2014-04-20
9 0 0 0 0 0 0 0 4 0 0 37 13 0 16 0 0 0 13 50 60 60 0 55 2014-04-21
0 0 0 0 0 0 0 0 0 51 19 6 0 0 0 24 0 10 37 34 0 23 60 60 2014-04-22
43 0 0 0 0 0 0 0 0 8 0 35 41 0 0 0 23 57 16 0 47 0 28 60 2014-04-23
60 5 0 0 0 0 0 0 19 36 17 0 32 0 0 24 51 6 0 4 60 60 60 0 2014-04-24
0 0 0 0 0 0 0 45 13 0 0 0 0 26 60 57 36 8 0 0 0 0 0 0 2014-04-25
0 0 30 1 0 0 0 0 0 0 0 0 0 11 21 0 0 0 0 33 60 60 60 60 2014-04-26
39 24 0 0 0 0 0 0 0 0 33 60 51 40 45 60 0 3 5 0 20 52 29 0 2014-04-27
40 0 0 0 0 0 0 6 0 53 44 50 0 17 33 27 8 0 0 28 60 0 0 5 2014-04-28
0 0 0 0 0 0 0 0 16 55 23 10 0 48 0 27 0 8 38 51 60 60 60 49 2014-04-29
41 22 0 0 0 0 0 0 0 0 33 11 23 4 0 24 0 52 37 50 0 51 60 0 2014-04-30
1 0 0 0 0 0 0 0 0 3 0 0 4 0 0 21 1 0 0 0 0 0 0 57 2014-05-01
9 0 0 0 0 0 0 0 0 0 3 33 6 0 0 0 3 12 51 60 60 60 52 0 2014-05-02
44 60 38 0 0 0 0 0 0 0 0 0 2 14 0 0 0 44 39 0 41 0 0 0 2014-05-03
0 0 0 0 0 0 0 0 0 0 33 60 0 20 42 13 0 9 46 58 57 49 0 51 2014-05-04
40 13 0 0 0 0 0 0 0 0 0 36 26 57 9 0 0 0 0 0 0 0 0 0 2014-05-05
39 32 0 0 0 0 0 0 14 53 0 0 0 0 0 0 0 0 18 26 26 24 60 60 2014-05-06
60 32 0 0 0 0 0 0 0 3 60 58 51 38 11 11 29 0 52 49 60 60 60 56 2014-05-07
2 57 0 0 0 0 0 0 0 0 0 55 60 42 0 0 0 0 0 45 59 60 60 60 2014-05-08
60 35 20 0 0 0 0 0 0 5 0 38 0 50 0 0 0 0 0 1 1 32 7 0 2014-05-09
0 0 0 0 0 0 0 0 0 0 0 0 0 0 0 0 0 0 2 60 60 60 60 60 2014-05-10
60 60 60 4 0 0 0 0 0 0 0 0 0 0 30 0 34 60 48 0 0 0 0 0 2014-05-11
51 60 16 0 0 0 0 0 0 0 0 0 0 0 0 0 0 0 0 29 58 60 60 5 2014-05-12
30 60 60 60 58 0 0 0 0 0 0 0 0 21 60 0 11 7 25 1 0 0 0 0 2014-05-13
0 1 0 0 0 0 0 0 0 0 0 0 6 55 43 0 0 0 0 0 0 0 48 37 2014-05-14
22 60 0 17 0 4 18 0 0 0 0 0 0 0 0 0 0 3 60 59 0 0 0 0 2014-05-15
37 0 14 0 0 0 0 0 0 0 0 0 0 0 0 26 35 36 27 0 26 60 60 0 2014-05-16
0 0 0 0 0 0 0 0 0 0 0 0 0 59 60 60 60 59 0 0 0 11 3 0 2014-05-18
0 0 0 0 0 0 0 0 0 0 17 42 0 16 0 5 0 0 0 0 0 0 0 0 2014-05-19
37 60 53 0 0 0 0 0 0 4 55 4 47 0 0 0 36 0 20 36 0 0 0 0 2014-05-20
11 51 0 0 0 0 0 0 50 54 57 0 35 17 29 37 0 13 0 0 0 0 0 0 2014-05-21
0 0 0 0 0 0 0 0 0 0 32 0 5 20 0 56 60 13 0 0 0 0 0 28 2014-05-22
60 4 0 0 0 0 0 0 0 0 32 0 39 23 33 60 60 60 48 24 0 0 0 0 2014-05-23
0 0 35 42 0 0 0 0 0 0 0 0 27 8 0 36 60 58 1 0 0 0 0 35 2014-05-24
60 4 0 0 0 0 0 0 0 0 32 53 41 43 60 45 0 54 50 50 0 59 60 48 2014-05-25
0 0 60 38 0 0 0 0 0 0 57 60 6 26 60 35 0 0 0 0 0 25 60 60 2014-05-26
60 23 0 0 0 0 0 0 0 0 0 0 7 1 8 0 0 0 56 60 30 0 55 60 2014-05-27
54 0 0 0 0 0 0 0 0 30 60 0 36 0 2 0 0 0 0 0 16 60 0 42 2014-05-28
60 10 0 0 0 0 0 0 0 0 48 60 50 8 4 15 0 21 0 0 0 0 0 23 2014-05-29
60 18 0 0 0 0 0 0 0 25 60 40 0 0 31 12 0 0 0 0 0 0 0 0 2014-05-30
0 14 30 0 0 0 0 0 0 0 0 0 0 0 0 0 0 0 0 28 0 24 52 60 2014-05-31
50 0 0 0 0 0 0 0 0 0 0 0 26 0 17 10 37 0 0 0 0 55 60 60 2014-06-01
24 0 0 0 0 0 0 0 0 0 53 60 49 33 0 34 8 0 35 60 46 31 60 0 2014-06-02
32 0 0 0 0 0 0 0 0 0 40 60 46 3 0 0 0 0 0 32 0 0 0 36 2014-06-03
56 0 0 47 0 0 0 0 0 0 20 0 19 0 0 1 0 0 48 0 3 0 0 18 2014-06-04
57 0 0 0 0 0 0 0 0 0 26 0 2 6 2 59 0 44 0 0 0 32 0 7 2014-06-05
0 0 0 0 0 0 0 0 0 28 52 0 25 0 3 9 34 60 60 60 60 60 60 60 2014-06-06
60 57 0 0 0 0 0 0 0 0 0 0 0 0 0 48 32 0 6 16 0 0 0 46 2014-06-07
60 48 0 0 0 0 0 0 0 0 5 0 51 21 7 25 60 0 40 45 60 60 60 60 2014-06-08
60 21 0 0 0 0 0 0 0 0 0 0 25 4 0 0 41 59 59 22 24 1 0 11 2014-06-09
42 13 59 0 0 0 0 0 0 10 44 31 47 6 5 0 0 0 0 0 6 60 60 0 2014-06-10
0 37 0 0 0 0 0 0 0 0 0 53 53 5 50 0 59 60 25 0 31 60 60 60 2014-06-11
50 0 0 0 0 0 0 0 0 0 0 0 5 1 14 0 49 0 0 0 4 60 0 45 2014-06-12
55 26 0 0 0 0 0 0 0 0 0 0 17 0 8 60 0 23 36 31 0 0 0 0 2014-06-13
18 0 7 0 0 0 0 0 0 0 0 0 0 4 0 52 0 11 0 48 0 0 21 0 2014-06-14
0 0 0 0 0 0 0 0 0 38 23 0 0 48 60 26 0 0 0 0 0 0 23 0 2014-06-15
0 0 0 0 0 0 0 0 0 0 0 8 0 35 42 0 13 3 0 0 43 60 60 60 2014-06-16
33 0 0 0 0 0 0 0 0 0 0 0 0 26 60 42 0 0 35 43 0 1 0 9 2014-06-17
0 0 0 0 0 0 0 0 0 0 0 0 0 2 0 0 0 0 0 36 0 7 11 60 2014-06-18
60 60 48 0 0 0 0 0 0 1 0 0 0 0 17 42 0 0 41 60 60 60 60 57 2014-06-19
0 0 0 0 0 0 0 0 14 0 0 15 14 0 21 0 41 0 0 0 0 0 0 0 2014-06-20
47 40 0 0 0 0 0 0 0 0 7 60 60 0 48 38 54 0 14 60 60 0 36 0 2014-06-21
24 12 0 0 0 0 0 0 0 0 36 60 60 60 60 60 60 51 0 58 10 0 57 60 2014-06-22
60 18 0 0 0 0 0 0 18 0 12 60 0 17 0 7 0 0 53 51 56 60 60 60 2014-06-23
60 2 0 0 0 0 0 0 28 0 0 0 0 13 0 39 0 0 29 60 60 60 60 60 2014-06-24
60 9 0 0 0 0 0 0 16 6 0 0 0 16 43 60 37 0 48 48 0 28 0 29 2014-06-25
60 3 0 0 0 0 0 0 0 0 12 40 45 45 0 11 0 0 2 0 46 60 60 0 2014-06-26
0 0 0 0 0 0 0 0 0 0 0 0 0 0 41 60 34 0 0 0 0 6 0 9 2014-06-27
60 13 0 0 0 0 0 0 0 0 0 0 0 11 58 11 13 47 1 0 0 51 60 58 2014-06-28
15 35 0 0 0 0 0 0 0 0 0 0 0 0 57 60 60 60 60 60 51 23 60 47 2014-06-29
52 0 1 0 0 0 0 0 9 0 10 60 0 46 0 0 0 0 58 21 31 0 23 31 2014-06-30
45 2 0 0 0 0 0 0 14 0 5 0 48 29 60 37 0 0 0 0 32 60 60 60 2014-07-01
51 0 0 0 0 0 0 0 0 0 0 0 0 0 2 6 4 0 0 3 60 0 26 9 2014-07-02
39 10 0 0 0 0 0 0 4 6 0 0 0 0 0 0 0 0 0 0 0 23 60 60 2014-07-03
60 60 15 0 0 0 0 0 0 0 0 0 28 60 60 60 60 60 60 0 27 0 0 0 2014-07-04
0 26 60 0 3 0 0 0 0 14 5 38 60 0 42 60 52 0 46 60 0 51 0 37 2014-07-05
60 11 0 0 0 0 0 0 0 0 30 0 23 0 0 19 48 0 0 0 55 60 42 51 2014-07-06
60 15 0 0 0 0 0 0 10 0 5 0 0 0 0 50 38 0 0 9 41 0 0 17 2014-07-07
60 0 0 0 0 0 0 0 16 6 0 0 0 3 0 11 0 0 1 41 44 0 0 17 2014-07-08
49 0 0 0 0 0 0 0 5 0 0 0 0 0 0 0 0 42 60 52 60 0 52 60 2014-07-09
27 0 0 0 0 0 0 0 0 0 0 10 0 16 0 0 0 0 19 0 48 14 49 35 2014-07-10
0 0 0 0 0 0 0 0 0 0 0 0 0 0 0 11 49 60 60 58 0 55 46 0 2014-07-11
0 0 43 37 0 0 0 0 0 0 0 0 0 8 0 45 0 0 0 49 15 13 60 0 2014-07-12
0 0 0 0 0 0 0 0 0 0 40 58 49 0 40 60 60 60 41 0 20 60 0 38 2014-07-13
0 0 0 0 0 0 0 0 18 0 0 0 0 0 0 0 21 60 60 60 60 60 56 34 2014-07-14
0 0 0 0 0 0 0 0 21 0 0 0 45 36 0 8 0 0 0 0 0 32 39 0 2014-07-15
27 0 0 0 0 0 0 0 19 0 0 0 0 0 16 60 57 0 7 27 0 0 15 57 2014-07-16
0 0 0 0 0 0 0 0 22 11 1 0 0 0 0 0 0 10 0 40 0 18 22 0 2014-07-17
0 0 0 0 0 0 0 0 15 9 0 0 23 18 56 60 56 0 20 0 25 43 60 60 2014-07-18
60 60 60 60 33 0 0 0 0 11 60 60 60 60 0 48 60 60 60 0 45 0 0 0 2014-07-19
12 0 7 0 0 0 0 0 0 0 50 60 21 12 60 60 60 60 0 45 60 0 50 60 2014-07-20
51 0 0 0 0 0 0 0 14 0 3 0 0 0 0 0 0 32 60 56 2 0 0 33 2014-07-21
60 2 0 0 0 0 0 0 23 0 0 5 40 0 4 48 0 0 30 60 51 0 3 0 2014-07-22
0 0 0 0 0 0 0 0 15 5 0 0 0 0 30 60 60 47 0 0 35 60 60 60 2014-07-23
60 35 0 0 0 0 0 0 0 0 0 0 0 0 0 0 0 51 60 60 34 54 60 60 2014-07-24
28 0 0 0 0 0 0 0 20 0 0 0 0 0 37 60 56 30 3 0 55 60 60 60 2014-07-25
60 60 13 0 0 0 0 0 0 0 0 0 0 0 0 0 0 0 0 10 60 60 60 0 2014-07-26
9 0 0 0 0 0 0 0 3 0 0 0 0 0 0 50 60 60 57 50 60 60 60 60 2014-07-27
46 0 0 0 0 0 0 0 13 0 0 0 46 60 60 60 49 0 9 0 28 60 60 60 2014-07-28
50 0 0 0 0 0 0 0 0 0 0 0 0 0 34 53 0 0 0 23 60 60 60 0 2014-07-29
0 0 0 0 0 0 0 0 27 3 7 26 40 31 32 60 0 14 0 0 16 47 0 39 2014-07-30
44 0 0 0 0 0 0 0 8 2 0 19 0 33 37 0 0 4 0 28 31 31 0 22 2014-07-31
50 16 0 0 0 0 0 0 21 0 0 0 0 0 7 60 0 44 14 11 0 0 0 0 2014-08-01
0 11 53 0 0 0 0 0 0 0 0 0 1 60 60 60 60 60 0 13 0 0 0 17 2014-08-02
47 0 0 0 0 0 0 0 0 0 0 0 0 0 51 57 60 0 34 0 8 13 20 0 2014-08-03
1 0 0 0 0 0 0 0 24 43 0 0 5 0 0 2 0 13 21 0 29 0 25 60 2014-08-04
49 0 0 0 0 0 0 0 21 8 0 0 29 0 2 0 9 0 24 60 60 60 0 28 2014-08-05
29 0 0 0 0 0 0 0 0 1 0 0 0 0 0 0 0 0 0 0 0 0 0 59 2014-08-06
0 0 0 0 0 0 0 0 0 0 0 0 0 57 10 0 0 0 0 0 0 0 0 0 2014-08-07
47 55 0 0 0 0 0 0 0 0 0 21 58 52 13 0 0 0 0 0 0 1 60 60 2014-08-09
60 18 0 0 0 0 0 0 0 0 0 0 0 0 28 14 0 0 0 0 0 0 0 0 2014-08-10
0 0 0 0 0 0 0 0 0 0 0 0 0 2 0 40 0 0 55 13 0 42 60 60 2014-08-11
32 0 0 0 0 0 0 0 0 0 0 3 4 0 0 0 10 17 0 57 43 60 0 45 2014-08-12
60 60 60 50 0 0 0 0 0 0 0 0 0 0 0 0 0 0 0 0 23 0 58 60 2014-08-13
60 60 60 14 0 0 0 0 0 0 0 0 8 32 0 50 60 54 0 22 17 0 0 42 2014-08-14
60 60 60 35 0 0 0 0 0 0 0 45 8 0 6 40 4 24 21 0 2 0 0 30 2014-08-15
46 60 22 0 0 0 0 0 0 0 0 0 7 39 8 0 48 21 0 0 0 0 0 31 2014-08-16
6 21 0 0 0 0 0 0 0 0 4 38 38 20 0 0 0 0 0 0 0 0 42 60 2014-08-17
60 60 60 60 60 15 0 0 0 0 0 0 0 42 0 24 0 0 0 28 0 39 60 60 2014-08-18
60 49 0 0 0 0 0 0 0 0 0 24 60 60 60 60 0 33 0 0 0 0 31 60 2014-08-19
60 60 38 0 0 0 0 0 0 0 0 0 0 0 0 0 0 0 27 0 41 28 0 60 2014-08-20
21 0 0 0 0 0 0 0 0 0 0 0 0 0 0 0 0 0 0 11 0 35 0 20 2014-08-21
0 0 26 0 0 0 0 0 0 3 60 60 60 60 0 11 0 55 60 0 4 0 13 60 2014-08-22
60 60 8 0 0 0 0 0 0 0 27 8 0 14 17 0 0 20 60 0 15 0 26 60 2014-08-23
40 0 0 0 0 0 0 0 0 0 24 58 12 0 8 0 0 27 60 45 0 3 0 36 2014-08-24
49 8 0 0 0 0 0 0 8 0 11 45 27 12 0 0 0 0 0 29 39 0 0 11 2014-08-25
0 0 0 0 0 0 0 10 7 0 0 0 0 0 0 0 0 0 11 32 0 0 0 56 2014-08-26
31 0 0 0 0 0 0 0 0 0 0 0 0 0 0 0 0 19 45 0 0 0 0 0 2014-08-27
0 0 0 0 0 0 0 0 0 0 0 0 14 54 60 60 27 42 44 3 44 45 23 51 2014-08-28
32 0 0 0 0 0 0 0 3 0 13 47 15 0 0 0 33 5 0 0 0 0 0 0 2014-08-29
5 19 0 4 0 0 0 0 0 0 41 26 0 0 0 0 0 23 5 4 60 60 60 57 2014-08-30
0 0 0 0 38 40 0 56 40 0 0 15 0 23 0 13 0 28 5 51 23 0 55 49 2014-08-31
0 0 0 7 60 0 30 53 60 60 60 15 0 40 7 17 19 19 0 0 26 44 13 0 2014-09-01
0 0 0 0 0 0 3 33 21 0 0 0 52 12 0 0 39 34 33 0 1 16 40 0 2014-09-02
15 0 0 5 60 0 16 29 19 0 0 9 0 14 0 26 11 0 5 26 60 60 47 11 2014-09-03
0 0 0 0 0 25 6 60 55 0 0 0 0 0 0 0 0 4 0 0 12 10 18 0 2014-09-04
0 0 0 0 0 49 45 26 33 18 0 38 27 22 0 0 0 0 0 33 60 60 60 0 2014-09-05
0 0 0 9 60 0 31 48 60 16 0 25 18 60 60 0 48 37 53 60 60 60 32 22 2014-09-06
0 0 0 0 0 0 0 6 48 0 45 41 54 60 60 60 60 44 0 0 0 0 0 5 2014-09-07
0 0 0 0 36 0 20 0 9 9 30 35 0 0 0 42 0 9 0 4 60 0 41 0 2014-09-08
18 0 0 0 29 0 9 10 21 0 39 28 3 0 5 0 53 20 52 0 7 44 0 6 2014-09-09
0 0 0 0 0 0 0 0 9 0 0 0 38 60 60 60 60 60 60 60 30 10 60 0 2014-09-10
0 0 0 0 0 0 53 60 9 22 16 0 0 11 0 0 0 28 42 0 0 57 40 0 2014-09-11
0 0 0 23 60 0 8 9 8 0 0 0 0 0 0 25 60 45 36 15 0 4 0 55 2014-09-12
5 0 0 0 0 0 0 0 9 41 0 18 41 60 32 11 8 0 0 1 0 10 60 60 2014-09-13
60 7 0 0 0 0 59 55 0 0 30 60 48 18 52 30 39 55 1 3 60 60 0 41 2014-09-14
0 0 0 0 0 0 0 0 33 6 27 0 20 0 0 33 57 19 33 36 0 30 60 53 2014-09-15
0 0 0 0 10 0 41 46 19 6 0 0 0 0 5 10 0 37 9 18 0 51 60 0 2014-09-16
0 0 0 0 29 0 34 53 0 1 0 0 0 0 0 0 0 0 0 25 27 27 22 54 2014-09-17
0 0 0 0 0 59 60 50 5 19 0 15 24 13 1 0 4 47 28 0 28 0 60 0 2014-09-18
0 0 0 0 11 60 0 28 30 5 25 2 57 0 0 0 19 50 47 0 26 55 18 12 2014-09-19
23 0 0 0 0 0 0 0 11 11 60 60 0 25 1 16 60 60 60 0 14 0 0 0 2014-09-20
32 17 0 0 0 24 60 49 36 0 29 46 53 36 41 14 45 60 53 28 0 44 60 0 2014-09-21
0 0 0 0 0 0 0 6 3 0 35 29 6 0 0 0 3 51 1 49 49 60 60 22 2014-09-22
0 0 0 0 19 60 46 23 24 0 0 0 0 5 0 10 0 2 8 51 52 60 46 20 2014-09-23
0 0 0 0 39 54 33 15 0 39 25 1 7 0 0 33 0 25 4 0 0 0 0 55 2014-09-24
51 15 0 0 0 2 37 28 8 45 0 16 14 4 7 0 57 6 0 15 19 27 60 60 2014-09-25
60 15 0 0 0 40 60 22 43 25 0 0 0 0 4 46 48 50 42 6 18 0 0 14 2014-09-26
11 23 0 0 0 19 17 0 34 60 54 0 0 21 27 0 0 0 0 0 15 58 60 7 2014-09-27
0 27 0 0 0 0 0 0 16 0 32 0 30 0 46 0 51 36 10 30 56 0 4 0 2014-09-28
0 0 0 0 0 35 60 36 0 1 18 0 0 0 0 4 4 28 37 12 0 46 60 60 2014-09-29
31 0 0 0 0 45 51 1 21 40 33 1 0 10 0 0 20 60 54 54 54 60 15 16 2014-09-30
0 0 0 0 0 47 54 30 32 4 29 43 1 0 0 27 0 0 14 41 51 0 0 0 2014-10-01
2 0 0 0 0 0 0 16 54 0 0 9 0 8 7 60 0 6 37 38 0 0 0 32 2014-10-02
0 0 0 0 13 0 29 19 0 22 18 21 0 37 12 33 60 28 0 0 0 0 0 48 2014-10-03
44 50 52 0 0 0 0 0 0 9 44 40 0 10 13 58 33 8 12 40 38 60 60 0 2014-10-04
0 0 0 0 0 0 0 0 0 0 2 24 0 0 0 0 27 40 0 18 60 58 0 1 2014-10-05
0 0 0 0 0 0 0 0 0 50 9 0 0 24 24 49 37 0 0 0 0 2 60 0 2014-10-06
0 0 0 0 28 58 47 12 21 0 0 0 0 0 0 30 23 8 4 43 42 54 31 0 2014-10-07
0 0 0 0 0 0 0 0 5 5 17 0 40 0 0 28 0 8 10 12 60 60 0 53 2014-10-08
0 0 0 0 0 0 0 0 0 47 60 20 40 38 17 33 42 4 0 0 35 27 0 0 2014-10-09
38 7 0 0 0 24 0 4 0 3 0 0 0 0 0 0 1 0 0 0 0 0 0 0 2014-10-10
0 0 0 0 0 7 6 0 0 0 57 60 5 0 1 0 9 0 4 0 0 0 6 20 2014-10-11
0 0 0 0 0 0 0 53 26 0 15 0 0 0 0 0 0 0 0 12 5 60 60 60 2014-10-12
60 34 0 0 0 0 0 0 44 32 60 0 29 0 0 0 0 24 60 0 15 60 60 0 2014-10-13
24 2 0 0 0 0 20 0 49 20 14 29 55 39 39 60 55 0 0 0 0 0 49 1 2014-10-14
55 0 0 0 0 0 0 7 0 3 0 33 9 0 0 16 1 41 37 57 17 60 60 59 2014-10-15
34 0 0 0 0 0 0 0 0 54 3 45 13 5 0 27 43 35 40 14 24 8 55 51 2014-10-16
0 0 0 0 0 0 0 38 38 6 0 0 0 0 0 0 0 0 0 0 0 11 43 55 2014-10-17
40 28 0 0 0 0 0 0 0 38 2 3 0 50 9 0 0 0 0 0 23 60 60 60 2014-10-18
60 27 15 0 0 0 0 0 34 60 38 18 49 60 32 17 0 18 26 0 7 21 42 44 2014-10-19
23 8 0 0 0 26 0 32 6 3 30 0 19 0 0 35 48 0 0 53 42 34 33 41 2014-10-20
60 33 0 0 0 0 44 31 21 0 0 14 40 15 0 52 0 6 0 0 0 0 0 40 2014-10-21
57 2 57 0 0 0 0 9 42 54 27 0 31 6 0 0 14 13 19 60 60 0 23 0 2014-10-22
36 60 42 0 0 0 0 2 53 29 16 25 47 15 8 57 22 13 31 40 0 0 0 16 2014-10-23
60 50 0 0 0 0 0 46 14 0 12 48 48 17 20 43 57 0 0 0 0 16 0 0 2014-10-24
0 56 6 0 0 0 0 0 0 0 46 0 0 0 13 8 15 31 50 23 14 0 0 41 2014-10-25
60 46 50 0 39 0 0 0 0 0 0 0 0 0 0 0 0 0 28 36 0 0 0 57 2014-10-26
46 53 0 0 0 0 0 41 10 0 33 0 20 0 0 0 0 0 1 45 15 0 51 60 2014-10-27
43 18 6 0 0 0 25 39 19 0 0 0 27 18 0 0 36 32 19 47 47 27 60 60 2014-10-28
60 21 0 0 0 0 0 27 7 53 43 0 35 19 0 30 19 60 60 49 53 50 17 60 2014-10-29
60 30 9 0 0 0 22 60 40 5 0 0 0 24 0 0 12 0 7 38 0 0 37 60 2014-10-30
51 7 0 0 0 0 0 0 0 0 0 0 27 11 0 0 4 59 60 60 45 0 0 0 2014-10-31
0 0 0 0 0 0 36 60 0 40 43 0 0 18 36 0 0 0 0 47 2 0 57 60 2014-11-01
32 36 60 60 60 60 60 60 60 60 98 73 106 111 120 60 82 60 60 60 60 60 60 60 2014-11-02
0 7 55 0 0 0 0 0 0 34 38 60 27 0 0 16 0 0 6 52 47 43 52 60 2014-11-03
35 43 45 0 0 0 0 12 22 0 0 0 40 16 0 0 31 17 0 37 0 0 0 5 2014-11-04
60 50 15 0 0 0 0 0 0 0 3 24 0 20 0 41 52 22 39 0 59 12 0 0 2014-11-05
0 31 0 19 0 0 0 38 60 51 1 0 26 4 0 0 0 20 0 0 0 0 20 60 2014-11-06
60 21 25 0 0 0 0 0 17 0 0 0 14 10 0 9 4 9 52 60 60 20 0 35 2014-11-07
60 52 17 0 0 0 0 0 0 0 12 50 8 52 0 0 0 0 0 0 0 32 34 60 2014-11-08
36 0 0 0 0 0 7 46 50 0 0 0 0 16 0 59 60 51 32 60 60 60 0 48 2014-11-09
0 0 0 0 0 0 0 0 26 34 34 0 23 0 0 41 43 26 1 0 20 28 11 23 2014-11-10
0 0 0 0 0 0 0 0 47 0 10 53 47 14 0 60 60 12 0 0 0 33 37 60 2014-11-11
51 0 17 0 0 0 0 0 0 0 0 48 45 17 0 50 58 32 0 0 0 0 0 4 2014-11-12
60 49 0 0 0 0 28 60 0 2 18 40 49 27 0 0 42 39 0 0 1 1 0 16 2014-11-13
60 60 26 0 0 0 0 34 26 31 49 35 0 16 0 5 0 0 0 0 0 0 0 0 2014-11-14
0 0 25 14 0 0 0 0 0 0 0 36 53 6 6 29 45 11 5 0 41 31 52 60 2014-11-15
30 24 14 0 0 0 0 0 0 0 43 59 32 0 19 60 0 42 24 40 49 0 0 0 2014-11-16
1 49 2 0 0 0 0 0 19 2 27 0 30 0 0 0 0 0 0 0 47 9 0 0 2014-11-17
0 7 11 0 0 0 6 44 17 27 12 24 48 9 0 19 0 0 2 38 0 50 44 0 2014-11-18
45 0 16 0 0 0 0 0 0 9 0 0 0 0 0 5 0 48 7 41 0 41 44 46 2014-11-19
60 60 4 0 0 0 0 0 0 0 0 0 54 18 0 17 8 4 15 0 0 0 0 26 2014-11-20
60 36 0 0 0 0 0 18 33 19 0 0 9 0 1 0 60 1 0 6 12 24 60 0 2014-11-21
16 43 0 0 0 0 0 0 0 0 0 0 12 34 0 0 32 0 2 0 0 42 60 38 2014-11-22
50 0 3 0 0 0 0 0 0 0 12 0 0 0 0 0 0 1 0 53 0 42 60 60 2014-11-23
60 60 10 0 0 0 0 0 0 0 25 0 24 24 6 0 56 3 0 0 18 0 7 0 2014-11-24
0 31 60 31 0 0 0 0 0 0 0 0 0 0 31 49 3 0 0 3 60 0 55 0 2014-11-25
0 0 26 44 0 0 0 0 0 0 0 44 34 60 0 54 28 0 28 0 25 47 0 39 2014-11-26
60 60 57 0 0 0 0 0 0 0 18 60 0 33 9 24 16 60 60 60 60 60 60 42 2014-11-27
0 53 0 38 0 0 0 0 0 0 0 0 0 27 51 0 0 0 0 0 0 0 0 0 2014-11-28
31 60 0 5 0 0 0 0 0 0 0 0 0 0 0 0 0 0 0 15 60 60 60 0 2014-11-29
6 0 5 0 0 0 0 0 0 0 0 14 60 55 1 29 0 0 0 0 60 60 60 60 2014-11-30
60 22 0 0 0 0 0 0 25 34 54 60 37 30 54 0 21 36 40 19 13 39 60 60 2014-12-01
60 58 9 0 0 0 8 50 49 40 6 25 33 19 0 7 0 15 0 0 0 0 46 60 2014-12-02
60 59 0 0 0 0 0 0 31 52 6 0 11 60 60 0 10 1 43 45 14 5 52 37 2014-12-03
58 60 32 7 0 0 0 0 19 0 24 0 0 0 0 0 0 0 47 0 3 0 0 0 2014-12-04
0 1 52 0 0 0 0 0 17 0 6 0 42 31 7 0 0 0 57 2 0 0 0 0 2014-12-05
34 60 47 0 35 0 0 0 23 60 60 50 48 0 1 23 0 24 42 54 60 26 19 49 2014-12-06
29 0 21 22 0 0 0 0 0 0 0 20 0 43 32 14 0 0 0 0 0 36 30 60 2014-12-07
60 60 60 54 2 0 0 0 0 27 31 1 0 53 37 47 0 27 60 54 26 9 0 0 2014-12-08
0 0 0 0 0 0 0 0 43 60 44 0 50 21 0 0 14 8 0 40 47 57 60 60 2014-12-09
60 46 14 0 0 0 0 0 0 0 0 0 1 32 11 0 25 0 46 18 24 0 17 0 2014-12-10
0 0 0 0 0 0 0 0 0 46 60 18 24 23 0 26 55 54 50 0 9 10 16 0 2014-12-11
0 20 41 59 23 0 0 0 0 0 21 49 0 53 13 0 13 29 21 0 49 0 34 0 2014-12-12
2 60 60 47 0 0 0 0 0 7 38 11 0 0 0 34 35 59 14 0 0 11 21 15 2014-12-13
60 60 60 14 0 0 0 0 0 0 0 0 15 44 0 0 0 0 0 0 0 0 0 0 2014-12-14
0 41 30 0 0 0 0 18 18 33 0 0 15 0 25 15 0 0 59 57 60 59 32 60 2014-12-15
60 27 0 0 0 0 0 0 0 0 0 15 41 35 47 60 42 0 0 14 60 60 60 60 2014-12-16
54 51 20 0 0 0 0 0 0 0 0 0 0 0 0 0 0 0 0 0 0 0 19 60 2014-12-17
60 32 0 10 0 0 0 0 0 0 0 43 60 60 60 60 44 43 0 0 0 0 0 37 2014-12-18
30 47 0 0 0 0 0 21 0 0 0 0 0 3 0 27 57 28 0 52 31 60 57 36 2014-12-19
45 48 1 0 0 0 24 7 8 0 0 0 0 0 0 0 0 17 60 0 26 0 0 17 2014-12-20
60 46 0 0 0 0 0 0 0 0 0 0 49 16 0 0 0 10 58 0 0 0 0 0 2014-12-21
45 23 0 0 0 0 0 0 0 0 0 0 0 0 0 0 0 0 0 0 0 0 0 0 2014-12-22
1 60 3 0 0 0 0 0 40 19 0 0 50 11 0 0 10 44 0 35 0 9 3 60 2014-12-23
60 60 26 0 0 0 0 0 0 0 0 7 60 0 4 7 0 19 0 0 0 0 0 1 2014-12-24
60 60 13 0 0 0 0 25 29 0 0 0 19 60 60 0 22 0 0 0 13 0 28 56 2014-12-25
60 23 17 0 0 0 0 0 0 0 0 48 60 60 49 7 0 0 0 0 0 0 0 0 2014-12-26
0 0 0 0 0 0 0 30 43 60 32 0 15 2 3 38 0 55 32 0 0 0 0 30 2014-12-27
60 27 9 0 0 0 0 0 0 3 0 43 9 45 0 0 0 29 53 23 59 1 1 60 2014-12-28
60 60 27 0 0 0 0 0 0 41 22 12 35 0 3 0 0 52 2 0 0 0 0 0 2014-12-29
0 44 24 0 0 0 0 24 60 58 29 29 57 24 44 0 0 21 13 52 17 10 8 0 2014-12-30
0 0 0 0 0 0 0 56 60 19 0 0 3 46 60 44 0 36 60 0 54 58 60 41 2014-12-31
53 60 0 1 0 0 0 0 0 0 32 60 0 4 50 35 0 0 0 0 0 47 34 0 2015-01-01
0 0 20 60 0 7 0 0 0 0 0 0 11 60 0 35 31 4 44 60 60 0 4 10 2015-01-02
60 39 0 20 0 0 0 0 0 25 48 59 60 0 13 0 0 0 0 29 32 60 50 53 2015-01-03
60 60 31 0 0 0 0 49 8 0 0 0 35 60 60 43 17 0 0 0 0 0 0 0 2015-01-04
35 4 0 0 0 27 60 60 0 2 37 0 21 32 13 0 0 4 0 0 38 10 47 1 2015-01-05
15 0 16 0 0 0 0 0 0 22 25 0 0 0 0 0 34 5 0 0 9 60 60 60 2015-01-06
60 60 60 50 0 0 0 0 8 38 4 58 52 0 12 0 0 0 0 0 0 0 0 0 2015-01-07
15 0 0 0 0 17 15 0 0 0 0 0 0 0 0 0 8 50 0 1 58 0 1 0 2015-01-08
0 0 0 0 0 3 60 0 56 0 0 0 53 0 0 0 50 6 0 14 60 0 30 18 2015-01-09
60 4 0 0 0 0 37 60 0 4 0 0 6 0 0 0 0 0 42 60 60 60 31 0 2015-01-10
36 0 0 0 0 0 0 0 0 0 26 27 0 0 0 0 0 0 0 0 33 45 31 0 2015-01-11
0 0 0 0 0 0 0 0 0 0 0 41 26 16 0 0 0 3 0 0 0 39 46 60 2015-01-12
41 0 0 0 0 0 37 11 9 6 7 24 0 52 4 0 0 0 0 26 28 10 60 0 2015-01-13
0 0 0 0 0 4 0 34 17 57 0 0 0 0 0 0 0 0 0 50 0 5 0 19 2015-01-14
0 0 0 0 1 0 43 0 0 0 0 0 30 18 0 30 43 0 0 0 0 0 0 10 2015-01-15
0 0 0 0 35 60 47 0 4 0 55 16 22 36 51 18 0 0 0 0 0 0 16 22 2015-01-16
0 0 0 16 60 52 26 26 55 10 0 0 17 0 19 15 0 0 0 0 0 0 0 0 2015-01-17
0 0 0 0 0 0 0 0 0 0 0 0 0 0 0 26 0 0 0 0 25 60 60 48 2015-01-18
0 0 0 0 0 0 0 0 19 0 32 0 25 0 0 43 50 45 0 0 54 60 60 17 2015-01-19
0 0 0 0 59 52 13 0 0 0 31 25 46 8 0 0 24 15 0 0 58 60 27 26 2015-01-20
0 0 0 0 0 0 0 11 60 60 0 26 47 52 23 0 0 0 35 20 60 60 0 21 2015-01-21
0 0 0 18 60 0 31 40 51 4 17 13 38 18 0 0 36 41 6 34 7 0 0 31 2015-01-22
0 0 0 0 0 0 0 0 0 0 50 37 52 46 48 0 20 1 0 0 0 7 17 15 2015-01-23
1 13 59 42 0 0 0 0 0 0 0 0 0 5 7 41 31 10 3 2 0 37 60 60 2015-01-24
29 0 0 0 0 45 0 0 0 0 0 0 0 0 32 26 0 31 1 0 23 0 51 60 2015-01-25
36 0 0 0 2 0 6 43 0 5 45 33 31 0 10 21 7 25 0 32 56 0 0 0 2015-01-26
0 0 0 0 49 60 36 30 0 0 7 34 34 20 0 0 0 54 28 0 9 60 0 18 2015-01-27
0 0 0 0 0 0 0 6 60 0 8 42 53 32 43 10 0 7 43 19 0 29 60 38 2015-01-28
0 0 0 0 12 60 54 0 5 0 0 0 40 20 0 4 36 50 0 0 24 29 60 44 2015-01-29
0 0 0 27 60 60 52 0 9 15 7 10 0 54 23 28 18 0 0 0 0 3 0 0 2015-01-30
0 0 0 0 0 0 0 0 0 0 0 0 0 0 0 18 0 12 29 0 2 35 0 0 2015-01-31
0 0 0 0 0 0 0 0 0 0 0 54 0 36 57 16 15 26 10 0 43 60 0 9 2015-02-01
0 0 0 0 20 60 43 51 39 18 26 20 11 44 23 0 0 0 10 34 1 36 8 16 2015-02-02
0 0 0 0 0 52 45 24 43 4 4 60 0 19 0 4 22 0 12 29 51 53 0 2 2015-02-03
0 0 0 0 57 16 31 26 60 60 38 2 0 21 54 20 0 0 0 26 0 0 0 0 2015-02-04
0 0 0 0 0 0 5 55 41 0 22 25 10 24 0 0 42 20 0 0 15 60 55 23 2015-02-05
0 0 0 0 0 0 0 0 0 0 58 42 13 32 39 36 0 0 0 0 0 0 0 0 2015-02-06
0 0 0 0 0 0 0 0 39 1 4 40 0 0 0 0 0 0 0 2 60 0 45 32 2015-02-07
0 0 0 35 60 60 56 0 0 0 45 20 0 0 17 56 0 0 0 0 0 30 60 52 2015-02-08
0 0 0 0 0 0 0 42 57 10 14 22 34 46 17 0 0 0 0 0 0 58 28 36 2015-02-09
0 0 0 0 53 0 9 0 0 0 0 19 58 17 0 26 9 25 0 5 22 47 0 17 2015-02-10
0 0 0 0 29 0 24 24 60 0 21 16 20 21 46 42 4 0 17 48 0 18 0 32 2015-02-11
0 0 0 0 24 60 41 33 55 0 0 0 0 4 0 0 0 0 5 0 2 10 60 56 2015-02-12
32 0 0 0 37 0 50 26 0 41 39 0 0 19 53 47 16 0 0 52 60 15 0 48 2015-02-13
30 0 0 0 31 60 51 0 17 0 25 24 0 0 0 47 6 0 0 0 0 53 60 47 2015-02-14
0 0 0 0 44 60 58 0 0 0 34 21 0 43 59 60 48 14 42 53 60 60 60 34 2015-02-15
0 0 0 0 0 0 38 30 0 56 22 0 13 37 37 21 0 0 0 0 35 0 39 48 2015-02-16
0 0 0 12 0 7 0 0 28 49 48 19 42 18 0 51 0 9 10 0 1 60 0 39 2015-02-17
0 0 0 0 0 44 56 3 4 0 0 35 0 48 2 40 20 6 18 0 0 0 51 0 2015-02-18
0 0 0 0 0 0 0 29 45 0 30 60 49 0 0 0 59 9 0 14 18 41 0 12 2015-02-19
0 0 0 0 0 0 55 37 38 46 42 0 0 4 24 0 0 0 23 0 50 60 0 1 2015-02-20
0 0 0 0 0 0 0 0 0 0 20 0 28 17 59 60 42 0 0 0 0 0 26 54 2015-02-21
0 0 0 9 60 51 0 0 0 0 14 0 2 40 32 16 42 0 0 0 0 0 60 19 2015-02-22
0 0 0 0 41 60 44 0 0 52 16 55 23 31 18 0 12 13 29 0 0 0 0 5 2015-02-23
0 0 0 0 0 0 1 0 0 0 0 0 0 0 0 31 25 41 36 44 60 0 15 0 2015-02-24
0 0 0 0 0 0 0 2 0 0 0 15 59 37 47 32 13 0 0 0 0 29 51 49 2015-02-25
0 0 0 0 0 0 0 0 0 0 32 23 26 19 0 0 44 10 4 60 0 6 60 57 2015-02-26
0 0 0 0 0 13 0 15 0 4 60 59 25 35 52 50 15 13 0 48 60 60 24 55 2015-02-27
7 0 0 0 0 0 0 0 47 60 56 12 15 23 0 0 0 1 0 0 36 60 60 0 2015-02-28
0 0 0 0 27 60 60 48 0 0 49 60 28 0 41 0 31 0 2 20 37 0 0 13 2015-03-01
10 0 0 0 0 0 0 0 0 0 57 60 27 33 44 38 24 9 6 0 0 46 60 36 2015-03-02
0 0 0 0 0 0 0 0 0 0 0 54 25 0 0 33 40 13 0 0 0 0 35 49 2015-03-03
0 0 0 0 4 0 45 16 0 32 14 0 19 7 0 0 0 0 0 28 0 36 48 0 2015-03-04
0 0 0 0 47 56 0 0 0 0 27 33 15 0 0 0 0 11 22 41 0 0 29 0 2015-03-05
0 0 0 0 0 0 0 0 0 18 0 44 30 46 20 9 50 23 0 0 0 0 0 24 2015-03-06
51 19 0 0 0 0 0 0 0 56 16 0 0 5 0 30 11 0 25 60 60 0 38 43 2015-03-07
0 0 0 34 11 27 60 0 16 0 50 23 0 0 0 0 0 0 0 60 46 0 0 27 2015-03-08
0 0 0 0 58 60 60 12 0 55 46 0 31 47 44 16 0 0 51 18 31 0 0 21 2015-03-09
0 0 0 0 43 60 26 0 14 4 0 0 0 0 0 0 22 43 41 59 26 40 60 0 2015-03-10
0 0 0 0 0 0 0 11 60 0 45 53 48 35 35 32 28 11 48 16 0 47 24 34 2015-03-11
0 0 0 0 0 21 0 38 0 20 18 0 12 0 0 0 53 38 0 31 0 0 0 0 2015-03-12
10 0 0 0 0 0 0 0 0 0 9 14 0 12 5 0 0 0 0 0 0 22 60 0 2015-03-13
0 0 0 0 41 22 0 17 2 0 0 5 30 0 0 0 15 25 0 0 0 18 49 0 2015-03-14
0 0 17 7 0 0 0 0 0 0 0 0 0 0 0 0 0 45 20 60 59 15 0 0 2015-03-15
0 0 0 0 0 0 0 0 0 0 0 0 0 0 0 0 0 23 60 60 0 51 60 33 2015-03-16
0 0 0 0 11 3 0 0 0 0 0 0 3 0 0 0 0 0 0 37 60 0 43 0 2015-03-17
0 0 0 0 19 27 0 0 26 0 0 12 0 0 0 0 0 20 36 0 0 0 0 0 2015-03-18
0 0 0 0 25 44 0 0 0 0 0 0 0 0 0 0 0 38 35 60 0 30 0 0 2015-03-19
0 0 0 0 2 28 0 0 0 0 24 0 0 0 0 0 0 39 0 56 48 19 0 1 2015-03-20
0 0 0 0 0 0 0 0 0 0 8 48 0 4 9 55 0 0 0 0 39 60 60 60 2015-03-21
60 60 60 60 60 13 20 1 24 0 9 60 60 60 60 0 43 0 57 60 60 60 60 45 2015-03-22
60 5 0 0 0 0 0 0 60 60 34 0 21 0 20 45 23 20 28 0 0 0 0 0 2015-03-23
0 0 0 0 0 0 0 0 0 0 3 10 0 18 0 26 45 36 25 4 55 60 60 60 2015-03-24
60 44 0 0 9 60 0 54 60 0 5 0 11 30 3 19 36 0 0 60 60 28 0 0 2015-03-25
0 22 60 60 60 0 39 60 46 0 37 60 0 22 0 28 7 30 0 5 43 0 16 20 2015-03-26
45 0 0 0 0 0 0 0 0 21 0 33 0 0 0 0 0 53 32 0 0 0 0 6 2015-03-27
16 41 12 0 0 0 0 0 0 1 48 0 0 0 0 6 29 45 0 0 6 60 60 60 2015-03-28
60 28 0 0 0 0 0 0 0 0 17 60 0 22 11 60 60 0 41 15 0 47 60 50 2015-03-29
0 0 0 0 0 0 0 0 32 0 48 0 23 23 30 46 24 0 53 50 0 34 38 60 2015-03-30
60 15 0 0 0 0 0 26 26 0 0 0 21 0 0 31 54 60 0 47 0 22 38 60 2015-03-31
60 60 60 39 0 0 0 7 60 0 52 26 51 7 30 0 28 10 53 60 60 31 1 0 2015-04-01
46 0 8 0 0 0 0 0 0 0 9 0 49 25 0 14 47 41 39 52 49 0 0 0 2015-04-02
0 9 0 1 21 0 0 0 0 0 0 6 35 6 5 10 17 0 12 29 11 0 18 60 2015-04-03
60 60 3 0 0 0 0 0 0 0 7 60 60 56 0 43 58 49 60 0 27 60 60 60 2015-04-04
60 60 33 0 0 0 0 0 0 0 4 60 0 29 55 34 0 0 0 0 0 0 0 0 2015-04-05
37 60 53 25 0 0 0 0 0 0 40 60 40 26 32 19 0 0 11 8 0 0 54 60 2015-04-06
60 60 60 60 60 60 60 60 45 0 33 60 0 6 0 18 28 0 6 0 0 23 0 0 2015-04-07
0 32 17 29 0 0 0 22 60 52 27 0 0 22 32 5 30 0 10 0 0 16 8 11 2015-04-08
48 60 60 60 35 0 0 0 0 0 0 0 10 19 0 0 0 0 28 22 7 60 0 45 2015-04-09
0 0 0 0 0 0 0 0 5 8 15 0 0 14 0 0 12 24 0 32 0 17 0 0 2015-04-10
0 27 52 0 0 0 0 0 0 0 25 2 5 0 0 0 0 0 0 0 0 0 0 0 2015-04-11
0 36 60 58 0 0 0 0 0 0 24 60 60 54 53 48 40 17 0 12 49 26 0 0 2015-04-12
0 11 0 0 0 0 0 0 0 39 30 0 25 46 0 12 1 48 60 60 37 55 37 0 2015-04-13
0 0 0 0 0 0 0 0 0 2 44 8 10 37 0 14 27 0 0 9 40 28 40 0 2015-04-14
0 32 60 0 17 0 0 0 5 0 35 27 52 17 32 35 3 0 0 0 0 0 0 0 2015-04-15
0 0 19 0 0 0 0 0 0 0 0 21 20 0 0 0 9 0 0 0 0 0 0 0 2015-04-16
0 0 0 0 0 0 0 0 0 0 0 45 59 47 27 0 28 0 43 53 0 0 0 0 2015-04-17
0 0 0 0 0 36 51 0 0 0 0 0 0 0 0 11 0 7 0 0 39 0 0 0 2015-04-18
57 32 0 5 0 0 0 0 0 0 37 60 0 20 35 60 0 15 0 44 60 0 5 55 2015-04-19
60 60 59 0 0 0 0 0 0 0 27 36 60 47 8 0 3 21 41 27 60 60 44 0 2015-04-20
44 60 57 60 60 60 60 60 56 0 0 0 0 0 0 17 11 39 23 0 0 0 0 0 2015-04-21
0 0 0 40 25 0 0 25 60 0 18 40 28 24 17 0 0 0 18 0 0 6 22 0 2015-04-22
0 0 0 0 0 0 0 0 55 60 60 60 57 0 0 49 31 49 55 55 0 6 0 0 2015-04-23
51 60 60 60 30 0 0 0 0 0 0 0 1 54 60 55 0 0 0 0 0 0 0 0 2015-04-24
6 33 0 0 0 0 0 0 0 0 0 0 0 2 14 27 2 0 0 0 0 0 46 60 2015-04-25
60 58 9 0 0 0 0 0 0 0 49 18 0 35 60 60 60 0 21 0 25 60 60 60 2015-04-26
60 60 40 13 0 0 0 0 0 0 27 48 27 3 34 49 9 0 16 0 31 35 60 60 2015-04-27
60 27 0 0 0 0 0 0 19 2 0 0 0 0 0 0 0 0 0 0 0 0 0 0 2015-04-28
0 0 0 0 0 0 0 0 2 7 12 39 10 0 15 0 0 0 21 0 14 17 60 60 2015-04-29
60 60 60 0 0 0 0 0 0 0 0 19 0 34 46 46 41 0 24 46 43 46 33 60 2015-04-30
60 60 55 0 0 0 0 0 21 60 50 0 0 0 9 0 9 35 60 59 0 12 60 0 2015-05-01
0 0 16 41 0 0 0 0 0 0 0 0 43 0 30 1 49 5 0 0 12 35 55 60 2015-05-02
60 60 27 0 0 0 0 0 0 0 0 0 44 60 60 60 60 0 1 0 10 0 0 0 2015-05-03
24 0 25 0 0 0 0 0 0 0 0 0 57 30 30 0 53 60 60 60 60 60 0 4 2015-05-04
0 33 8 0 0 0 0 0 0 0 0 0 0 0 0 16 0 0 0 52 10 0 29 60 2015-05-05
49 0 0 0 0 0 0 0 0 2 2 0 0 54 60 60 60 14 0 33 48 11 51 60 2015-05-06
60 60 57 0 0 0 0 0 0 0 0 0 0 36 60 60 60 0 7 0 0 0 0 0 2015-05-07
59 60 23 0 7 0 0 0 0 0 0 0 0 0 19 60 60 60 60 60 60 60 60 60 2015-05-08
60 60 60 40 0 0 0 0 50 0 7 0 0 0 0 1 29 7 0 0 19 57 4 0 2015-05-09
0 8 0 48 0 0 0 0 0 0 0 32 7 2 0 31 0 22 28 0 0 0 0 0 2015-05-10
0 0 0 4 49 0 9 0 0 0 0 0 2 7 0 0 0 0 14 39 60 0 22 16 2015-05-11
60 46 0 0 0 0 0 0 0 0 55 0 38 0 0 0 0 0 0 0 0 0 0 0 2015-05-12
0 0 59 59 6 0 0 0 0 0 0 0 0 42 60 18 0 0 0 0 0 0 29 60 2015-05-13
60 24 0 0 0 0 0 0 0 0 0 0 19 0 0 0 0 0 0 0 0 5 0 51 2015-05-14
60 60 38 0 0 0 0 0 0 2 45 30 0 21 20 20 60 50 0 0 0 0 0 0 2015-05-15
20 60 51 0 0 3 0 0 36 0 0 42 48 8 40 11 11 9 0 0 0 43 26 0 2015-05-16
28 0 29 0 0 0 0 0 0 0 0 0 0 0 5 60 60 60 60 60 60 60 0 58 2015-05-17
27 0 0 0 0 0 0 3 29 0 0 0 0 0 0 0 0 0 0 0 35 60 0 24 2015-05-18
0 0 0 0 0 0 0 0 0 0 0 0 0 0 0 0 0 3 0 29 0 7 10 30 2015-05-19
50 0 0 0 0 0 0 0 0 0 0 0 0 0 0 0 0 14 60 60 60 60 60 0 2015-05-20
0 0 0 0 0 0 0 0 0 0 0 0 0 0 0 0 0 0 47 59 35 60 60 60 2015-05-21
25 0 0 0 0 0 0 0 28 0 0 0 0 0 0 0 0 0 0 0 9 45 0 53 2015-05-22
35 35 60 60 0 8 0 0 0 0 0 57 60 60 60 50 48 0 16 0 55 42 49 60 2015-05-23
38 0 0 0 0 0 0 0 0 0 23 40 45 0 0 0 41 0 0 18 60 60 60 60 2015-05-24
60 23 0 0 0 0 0 0 0 7 56 20 24 18 2 0 27 60 60 46 0 4 60 0 2015-05-25
0 0 0 0 0 0 0 0 5 0 0 0 0 0 0 0 0 13 0 11 0 0 8 0 2015-05-26
0 0 0 0 0 0 0 0 30 0 0 0 0 0 0 0 0 4 53 60 60 60 60 60 2015-05-27
29 0 0 0 0 0 0 0 0 0 0 0 0 0 0 0 0 0 0 0 14 0 41 57 2015-05-28
29 0 0 0 0 0 0 21 30 0 0 0 0 0 0 0 0 5 12 0 0 0 0 42 2015-05-29
60 60 43 52 0 0 0 0 0 0 0 28 55 23 60 44 60 60 0 40 9 42 60 60 2015-05-30
60 42 0 0 0 0 0 0 0 0 0 0 0 0 0 0 46 60 60 60 60 60 60 55 2015-05-31
48 0 0 0 0 0 0 0 13 0 0 0 0 0 0 0 0 14 0 24 14 36 60 60 2015-06-01
54 0 0 0 0 0 0 2 40 0 0 0 0 0 0 0 0 12 0 47 0 0 21 45 2015-06-02
39 15 0 0 0 0 0 0 21 0 0 0 0 0 0 0 0 0 0 0 0 0 0 0 2015-06-03
0 0 0 0 0 0 0 0 0 0 0 0 0 0 0 0 0 12 9 0 13 60 0 51 2015-06-04
60 54 0 0 0 0 0 0 0 0 0 0 0 0 0 0 0 0 0 0 25 57 60 60 2015-06-05
60 60 34 0 0 0 0 0 0 39 23 10 0 44 0 17 18 0 42 42 22 60 60 41 2015-06-06
58 6 0 0 0 0 0 0 0 16 0 43 60 60 0 38 51 54 31 50 59 60 60 60 2015-06-07
39 0 0 0 0 0 0 0 21 0 0 0 0 0 0 0 0 9 60 60 0 59 60 0 2015-06-08
0 0 0 0 0 0 0 0 0 0 0 0 0 0 0 0 0 27 57 18 60 53 46 60 2015-06-09
33 0 0 0 0 0 0 0 19 0 0 0 0 0 0 0 0 0 0 17 60 60 0 57 2015-06-10
45 0 0 0 0 0 0 0 26 0 0 0 0 0 0 0 0 0 59 60 60 60 60 60 2015-06-11
29 0 0 0 0 0 0 0 4 0 0 0 0 0 0 0 0 0 47 9 13 60 0 11 2015-06-12
46 13 0 0 0 0 0 14 0 0 0 0 0 0 0 0 0 31 51 48 3 41 59 0 2015-06-13
42 7 0 0 0 0 0 5 0 1 14 0 0 0 0 0 1 60 60 0 25 0 0 0 2015-06-14
0 0 0 0 0 0 0 0 0 0 0 0 0 0 0 0 0 0 35 58 60 0 40 55 2015-06-15
14 0 0 0 0 0 0 0 0 0 0 0 0 0 0 0 0 0 37 0 0 0 0 33 2015-06-16
0 0 0 0 0 0 0 14 29 0 0 0 0 0 0 0 0 0 38 60 60 60 60 56 2015-06-17
0 0 0 0 0 0 0 0 8 0 0 0 0 0 0 0 0 0 49 0 57 60 0 25 2015-06-18
0 0 0 0 0 0 0 0 0 0 0 0 0 0 0 0 0 0 0 0 56 60 60 60 2015-06-19
60 60 60 60 60 57 0 0 24 60 60 60 0 30 60 60 60 0 58 60 60 60 60 60 2015-06-20
60 48 0 0 0 0 0 0 0 22 60 0 14 48 60 54 5 16 26 42 33 60 0 8 2015-06-21
0 0 0 0 0 0 0 0 0 0 0 0 0 0 0 0 0 25 1 43 60 0 15 14 2015-06-22
0 0 0 0 0 0 0 0 0 0 0 0 0 0 0 0 0 38 60 60 29 13 5 26 2015-06-23
0 6 0 0 0 0 0 0 0 0 0 0 0 46 0 3 2 0 0 0 0 4 0 0 2015-06-24
0 0 0 0 0 3 12 0 2 0 0 0 3 60 0 5 0 0 0 57 60 60 33 0 2015-06-25
0 0 0 13 8 0 0 21 0 0 0 9 0 0 0 0 5 18 29 60 0 12 0 0 2015-06-26
0 0 0 0 0 0 0 0 0 0 0 18 8 57 0 0 0 0 0 0 0 0 0 0 2015-06-27
17 25 9 24 8 0 0 0 0 0 23 8 53 0 0 6 60 0 50 60 60 60 60 60 2015-06-28
60 43 0 0 0 0 0 0 13 0 0 0 0 0 0 0 17 31 60 60 60 60 0 7 2015-06-29
0 33 60 46 0 0 0 0 17 0 0 0 0 0 0 0 0 13 36 15 0 41 31 18 2015-06-30
0 0 0 0 0 0 0 0 0 0 0 0 0 0 0 0 0 0 0 53 60 60 60 51 2015-07-01
0 0 0 0 0 0 0 1 0 0 0 0 0 0 0 0 0 15 0 0 0 0 0 0 2015-07-02
0 0 0 0 0 0 0 0 0 0 0 0 0 17 49 0 0 0 0 48 0 0 0 0 2015-07-04
0 0 0 0 0 0 0 0 0 0 0 0 0 0 0 0 0 18 60 60 60 54 49 59 2015-07-05
0 0 0 0 0 0 0 13 43 0 0 0 0 0 0 0 0 10 60 60 0 59 0 53 2015-07-06
60 11 0 0 0 0 0 0 0 0 0 0 0 0 0 0 0 0 0 0 0 0 0 0 2015-07-07
0 0 0 0 0 0 0 0 0 0 0 0 0 0 0 0 0 0 0 0 22 0 38 60 2015-07-08
29 30 22 0 0 0 0 0 0 0 0 0 0 0 0 0 0 0 54 29 60 60 48 0 2015-07-09
0 0 0 0 0 0 0 0 4 0 0 0 0 0 0 0 0 0 2 48 60 60 60 58 2015-07-10
0 0 0 0 0 0 0 0 0 0 0 0 0 49 37 0 0 0 0 0 1 0 0 41 2015-07-11
22 0 0 0 0 0 0 0 0 0 0 0 0 0 0 0 0 0 11 60 60 60 60 0 2015-07-12
14 0 0 0 0 0 0 0 0 0 0 0 0 0 0 0 0 0 0 10 60 60 60 0 2015-07-14
0 0 0 0 0 0 0 0 0 0 0 0 0 0 0 0 0 0 29 20 0 42 60 0 2015-07-16
0 0 0 0 0 0 0 0 0 0 0 0 0 0 0 0 0 0 51 60 60 38 51 60 2015-07-17
60 60 60 60 60 50 42 0 13 0 0 0 0 14 0 0 11 60 60 60 60 0 6 0 2015-07-18
0 0 0 0 0 0 0 0 0 0 10 58 60 38 25 60 60 60 0 13 0 0 45 60 2015-07-19
27 0 0 0 0 0 0 0 0 0 0 0 0 0 0 0 0 0 0 0 9 45 0 44 2015-07-20
40 43 0 0 0 0 0 0 0 0 0 0 0 0 0 0 0 16 0 59 0 27 0 46 2015-07-22
60 54 0 0 0 0 0 0 0 0 0 0 0 0 0 0 0 2 50 50 60 60 10 0 2015-07-23
0 0 0 0 0 0 0 0 0 0 0 0 0 0 0 0 0 14 24 0 0 0 0 0 2015-07-24
0 0 0 0 0 0 0 0 0 0 0 0 0 0 20 54 0 18 7 0 0 0 0 0 2015-08-21
0 0 0 0 0 0 0 0 7 0 0 0 0 0 0 0 0 0 0 0 0 0 0 20 2015-08-22
60 41 0 0 0 0 0 0 0 0 0 0 0 0 0 0 0 0 0 0 0 16 0 0 2015-08-23
0 0 0 0 0 0 0 0 0 8 22 0 5 0 0 40 17 1 0 0 0 0 0 37 2015-08-24
0 0 0 0 0 0 0 25 0 58 11 42 51 31 17 3 0 0 0 0 0 0 32 2 2015-08-25
0 0 0 0 0 0 0 0 0 7 0 0 7 0 0 30 0 39 31 0 0 0 48 60 2015-08-26
30 0 0 0 0 0 0 0 0 13 18 0 20 33 22 0 17 34 60 60 60 60 60 0 2015-08-27
0 0 0 0 0 0 0 0 0 13 25 0 18 3 0 30 8 24 23 59 43 39 0 0 2015-08-28
30 37 47 0 0 0 0 0 37 60 34 0 0 0 0 0 0 54 60 60 60 51 38 60 2015-08-29
60 60 60 60 60 60 60 60 57 0 53 60 34 44 43 43 57 60 60 23 19 60 0 45 2015-08-30
60 60 60 3 0 13 10 0 0 5 35 0 21 0 0 19 16 5 54 0 37 49 45 60 2015-08-31
60 60 60 60 60 60 55 35 0 0 60 46 47 60 47 40 0 0 39 60 41 0 45 60 2015-09-01
60 57 60 60 60 60 60 60 11 0 20 0 14 0 0 40 26 10 53 60 0 21 0 38 2015-09-02
60 60 37 0 0 0 0 0 0 27 23 14 9 60 60 43 9 5 43 51 60 60 51 0 2015-09-03
0 0 0 0 0 0 0 0 0 0 0 27 0 0 0 9 16 0 43 55 43 59 45 60 2015-09-04
60 54 0 0 0 0 0 0 0 0 0 10 60 60 0 59 24 6 60 54 0 1 49 53 2015-09-05
60 1 0 0 0 0 0 0 0 0 31 60 0 23 59 53 1 41 60 33 1 0 3 0 2015-09-06
0 0 0 0 0 0 0 0 0 0 20 0 0 0 58 60 52 60 55 0 1 23 60 60 2015-09-07
53 0 0 0 0 0 0 38 60 51 0 36 48 34 52 12 0 0 0 37 41 60 60 0 2015-09-08
0 0 0 0 0 0 0 0 0 0 2 0 8 0 0 0 0 24 60 0 16 0 44 60 2015-09-09
60 17 0 0 0 0 0 0 0 0 17 7 27 17 1 6 0 14 0 16 45 18 60 0 2015-09-10
0 0 0 0 0 0 0 0 0 5 0 4 13 0 0 4 25 0 13 0 11 0 43 12 2015-09-11
0 0 0 0 0 0 0 0 0 0 0 0 0 0 0 0 0 2 60 0 29 43 60 0 2015-09-12
0 0 0 0 0 0 0 0 0 0 13 60 0 29 0 0 30 51 51 60 48 29 0 0 2015-09-13
0 0 0 0 0 0 0 0 0 13 25 4 0 0 0 0 12 0 0 0 13 0 28 52 2015-09-14
32 0 0 0 0 0 0 30 60 0 24 19 0 9 36 60 0 45 60 31 60 60 60 60 2015-09-15
36 0 0 0 0 0 0 0 41 0 32 0 15 0 0 48 19 0 9 52 60 60 60 0 2015-09-16
0 0 0 0 0 0 0 0 0 8 53 49 34 59 16 12 0 29 10 3 0 0 24 60 2015-09-17
60 37 0 0 0 0 0 0 14 21 0 8 0 0 0 0 0 34 60 44 60 0 41 31 2015-09-18
0 0 0 0 0 0 0 0 0 0 37 60 33 0 0 0 0 0 0 7 0 46 0 0 2015-09-19
0 0 0 0 0 0 0 0 0 0 0 60 60 6 0 0 32 0 16 27 54 60 44 0 2015-09-20
0 0 0 0 0 0 0 0 0 22 36 0 20 0 0 0 0 27 4 0 0 0 0 0 2015-09-21
0 0 0 0 0 0 0 37 60 51 41 54 46 0 31 25 0 50 17 44 1 8 0 0 2015-09-22
0 0 0 0 0 0 0 0 0 14 22 26 4 0 0 0 0 31 51 22 0 0 41 0 2015-09-23
45 0 13 0 0 0 0 0 0 0 35 52 0 20 34 54 27 43 20 36 60 60 60 32 2015-09-24
0 0 0 0 0 0 0 0 0 0 0 33 3 0 0 0 0 0 0 16 11 0 0 0 2015-09-25
19 60 60 52 0 0 0 0 0 0 0 32 60 60 0 18 0 0 54 21 5 60 60 0 2015-09-26
0 0 0 0 0 0 0 0 0 0 0 0 0 23 0 16 0 0 0 0 0 0 0 0 2015-09-27
0 0 0 0 0 0 0 0 0 13 28 25 3 0 0 24 19 33 11 60 0 32 47 60 2015-09-28
60 16 0 0 0 0 0 13 0 31 0 32 60 42 32 59 43 20 15 60 60 0 22 44 2015-09-29
60 53 0 0 0 0 0 0 0 9 0 34 15 10 0 25 0 6 0 0 0 23 0 0 2015-09-30
0 0 0 0 0 0 0 0 0 0 30 24 34 0 43 60 39 16 13 37 60 58 0 0 2015-10-01
0 0 0 0 0 0 0 0 9 7 3 0 16 0 0 0 1 25 23 0 0 0 11 29 2015-10-02
0 0 0 0 0 0 0 0 0 0 37 60 60 60 60 0 45 60 50 60 60 0 0 0 2015-10-03
0 0 0 0 0 0 0 0 0 0 0 0 48 10 0 0 0 0 0 0 0 0 0 0 2015-10-04
0 47 60 60 60 60 60 60 60 22 10 0 0 10 0 38 7 19 44 51 33 51 24 17 2015-10-05
60 47 0 0 0 0 0 24 60 57 0 21 60 60 60 59 15 0 0 0 47 60 60 60 2015-10-06
28 0 0 0 0 0 0 0 0 6 0 1 27 0 0 33 6 0 42 52 55 60 60 60 2015-10-07
60 46 0 0 0 0 0 0 0 0 0 3 0 9 12 38 41 0 0 0 0 0 0 0 2015-10-08
0 0 0 0 0 0 12 0 9 16 0 38 21 30 0 51 25 0 27 58 60 60 39 60 2015-10-09
60 60 21 0 0 0 0 0 0 0 0 30 17 19 34 60 60 60 60 0 19 0 0 0 2015-10-10
0 0 0 0 0 0 0 0 0 0 37 60 58 34 0 0 0 0 0 0 0 0 0 0 2015-10-11
45 15 0 0 0 0 0 0 0 41 0 19 60 0 44 45 6 13 26 0 51 60 60 60 2015-10-12
60 6 0 0 0 0 0 0 0 24 47 51 23 60 54 0 37 60 51 0 0 37 60 60 2015-10-13
60 60 30 0 0 0 0 0 0 8 31 0 22 5 0 49 19 10 15 25 7 38 0 36 2015-10-14
60 60 60 60 60 60 60 60 60 60 60 60 41 36 60 60 60 52 60 60 56 33 60 60 2015-10-15
60 60 60 23 0 0 0 0 0 2 20 27 0 0 0 42 8 16 39 16 0 0 0 15 2015-10-16
60 60 43 0 0 0 0 0 0 0 0 43 11 0 0 0 48 60 32 39 52 26 0 59 2015-10-17
57 0 0 0 0 0 0 0 0 0 13 56 54 60 0 29 0 0 0 0 0 0 54 60 2015-10-18
60 7 0 0 0 0 0 0 0 0 26 37 11 32 40 38 51 20 12 20 60 60 60 0 2015-10-19
0 0 0 0 0 0 0 25 0 32 10 11 12 60 60 54 29 38 47 0 7 51 60 60 2015-10-20
48 0 0 0 0 0 0 0 0 0 32 0 23 0 0 44 18 17 15 60 60 60 60 60 2015-10-21
60 60 59 0 0 0 0 0 0 0 35 43 24 60 60 0 55 60 60 60 53 6 60 60 2015-10-22
60 38 0 0 0 0 0 0 0 0 0 49 0 0 0 0 2 50 48 14 0 1 60 0 2015-10-23
20 14 0 0 0 0 0 0 0 0 0 14 16 10 0 0 0 0 0 0 0 0 10 60 2015-10-24
58 30 0 0 0 0 0 0 0 0 0 0 0 15 12 60 60 60 0 8 29 29 14 0 2015-10-25
0 0 0 0 0 0 0 0 0 9 40 0 18 0 0 31 36 17 30 60 60 60 60 41 2015-10-26
0 0 0 0 0 0 0 19 60 50 34 41 54 59 60 60 60 60 60 60 60 60 60 60 2015-10-27
39 60 0 12 0 0 0 0 0 3 1 0 28 0 0 0 2 1 0 0 12 60 60 60 2015-10-28
60 60 60 60 60 60 48 0 0 0 3 28 55 35 28 30 60 60 60 43 0 55 60 60 2015-10-29
60 23 0 0 0 0 0 0 0 0 0 43 24 0 1 46 3 21 17 60 60 60 0 45 2015-10-30
60 60 0 0 0 0 0 0 0 0 0 0 30 60 0 33 59 56 0 38 49 0 53 60 2015-10-31
60 36 0 0 0 0 0 0 0 0 0 0 46 56 5 0 35 0 20 0 60 45 30 33 2015-11-01
45 0 0 0 0 0 0 0 0 14 32 0 21 0 0 42 4 0 55 60 60 57 13 0 2015-11-02
10 0 0 0 0 0 0 27 60 0 33 41 24 60 60 0 13 0 0 13 60 60 60 0 2015-11-03
0 0 0 0 0 0 0 0 0 26 18 55 5 0 0 0 7 38 51 50 60 60 60 0 2015-11-04
0 41 29 0 0 0 0 0 0 0 7 28 0 48 0 23 19 52 0 2 36 60 60 60 2015-11-05
39 0 0 0 0 0 0 0 0 41 0 49 27 0 0 41 0 48 57 51 34 47 60 57 2015-11-06
60 21 0 0 0 0 0 0 0 32 60 53 2 5 0 52 0 39 60 60 60 57 0 58 2015-11-07
22 0 0 0 0 0 0 0 0 0 0 0 0 0 1 0 56 0 17 60 60 0 36 0 2015-11-08
0 23 49 0 0 0 0 0 0 9 15 0 0 0 0 27 12 24 22 23 60 60 60 60 2015-11-09
60 38 0 0 0 0 0 25 0 35 0 0 0 46 43 30 60 0 23 54 60 53 21 0 2015-11-10
33 14 0 0 0 0 0 0 0 4 28 0 26 0 0 30 26 60 60 60 60 57 56 60 2015-11-11
60 60 60 0 0 0 0 0 0 0 36 49 36 3 60 0 38 7 33 0 0 55 60 60 2015-11-12
51 0 0 0 0 0 0 0 0 0 24 0 4 0 0 1 2 26 51 8 0 0 9 14 2015-11-13
0 7 0 0 0 0 0 0 0 0 4 60 60 60 60 0 54 0 0 0 0 0 0 51 2015-11-14
60 60 60 9 0 0 0 0 0 0 0 53 60 31 47 60 24 0 0 0 0 20 52 12 2015-11-15
0 0 0 0 0 0 0 0 0 0 29 0 13 0 0 24 0 22 0 0 0 13 60 60 2015-11-16
60 11 0 0 0 0 0 0 0 0 9 1 0 51 60 0 16 14 0 0 5 60 60 0 2015-11-17
0 0 0 45 60 41 0 0 0 0 7 0 29 0 0 23 30 21 60 0 26 30 12 38 2015-11-18
0 0 0 0 0 0 0 0 0 0 14 3 9 31 60 60 0 7 48 7 0 26 0 0 2015-11-19
0 0 0 0 0 0 0 0 0 7 0 0 0 0 0 0 0 26 43 46 0 0 0 1 2015-11-20
33 5 0 0 0 0 0 0 0 0 0 20 0 27 11 0 47 0 18 0 0 0 1 47 2015-11-21
52 0 0 0 0 0 0 0 0 0 0 0 9 47 0 0 0 50 15 0 22 2 0 0 2015-11-22
0 0 0 0 0 0 0 0 0 5 24 0 9 0 43 25 0 0 51 41 5 0 0 4 2015-11-23
51 10 3 0 0 0 0 24 36 0 27 25 58 0 1 0 5 0 0 0 0 17 0 38 2015-11-24
0 0 0 0 0 0 0 0 0 0 0 0 0 24 36 0 40 0 0 0 37 60 60 60 2015-11-25
60 60 60 60 32 0 0 0 0 0 32 60 60 58 0 0 0 0 0 0 0 33 60 60 2015-11-26
60 30 26 0 0 0 0 0 0 0 0 0 0 16 0 36 0 11 28 0 0 0 7 60 2015-11-27
60 11 0 0 0 0 0 0 0 0 40 56 14 30 22 0 22 37 0 0 19 30 60 60 2015-11-28
60 60 15 0 0 0 0 0 0 0 43 42 0 0 0 0 0 5 0 8 30 0 0 17 2015-11-29
34 9 0 0 0 0 0 0 0 3 32 0 21 0 36 42 0 32 28 16 57 60 42 6 2015-11-30
0 0 0 0 0 0 0 0 0 0 0 0 0 0 0 0 2 5 0 0 0 0 0 0 2015-12-01
0 0 0 0 30 0 17 0 0 0 0 0 0 23 0 41 25 0 0 0 0 0 0 0 2015-12-02
0 0 0 0 0 0 0 0 0 0 0 33 39 22 0 0 0 39 58 0 0 0 0 0 2015-12-03
0 0 0 0 0 0 0 0 0 0 0 4 14 2 0 0 0 35 57 20 0 0 0 0 2015-12-04
0 0 0 31 0 10 0 0 0 0 0 0 38 0 2 0 0 0 0 0 0 0 0 3 2015-12-05
0 59 6 0 0 0 0 0 0 0 0 19 0 22 33 0 50 0 0 44 30 42 60 0 2015-12-06
0 0 0 0 0 0 0 0 0 25 27 27 0 0 9 0 29 13 0 50 0 0 0 0 2015-12-07
1 30 44 0 0 0 0 0 0 0 0 0 0 4 55 49 27 47 60 0 32 3 5 8 2015-12-08
0 10 25 0 0 0 0 0 0 2 30 0 23 60 60 51 0 0 0 11 6 56 40 60 2015-12-09
34 0 0 0 0 0 0 0 0 0 0 18 0 25 0 0 0 27 22 0 0 40 33 0 2015-12-10
0 0 0 0 0 0 0 0 0 0 0 12 0 0 0 0 0 0 0 0 0 0 0 0 2015-12-11
0 0 1 0 0 0 0 0 0 0 0 0 0 0 0 0 0 0 0 0 0 0 0 0 2015-12-12
0 0 0 0 0 0 0 0 0 0 48 14 0 0 0 0 0 0 0 43 46 44 11 60 2015-12-13
38 60 49 0 0 0 0 0 0 0 0 0 0 0 0 35 0 0 0 0 0 0 0 0 2015-12-14
37 27 0 0 0 0 0 0 0 0 0 0 0 0 0 0 4 0 0 0 0 0 0 0 2015-12-15
9 0 0 0 0 0 0 0 0 0 0 0 0 0 9 0 0 4 0 0 0 0 0 9 2015-12-16
56 0 0 0 0 0 0 0 0 0 0 0 0 0 0 0 0 0 0 0 0 0 0 0 2015-12-17
22 25 0 0 0 0 0 0 0 0 0 0 0 0 0 0 0 0 0 0 0 0 0 0 2015-12-18
0 12 0 0 28 0 0 0 0 0 0 0 0 0 0 0 0 0 0 0 0 0 0 0 2015-12-19
24 30 0 57 60 25 0 0 0 0 0 0 0 0 0 0 0 0 0 0 0 0 0 0 2015-12-20
0 0 0 0 0 0 0 0 0 0 0 0 0 0 0 0 0 23 15 0 0 0 0 0 2015-12-21
43 60 56 0 0 0 0 0 0 0 5 0 57 60 51 43 1 19 0 36 9 0 50 60 2015-12-22
60 60 60 40 0 0 0 0 0 0 0 0 0 17 8 0 9 9 0 35 60 49 0 22 2015-12-23
60 60 60 60 53 8 0 0 0 0 0 0 43 0 56 0 49 60 40 0 0 0 0 14 2015-12-24
60 60 30 0 0 0 0 0 0 0 0 2 28 58 60 52 52 0 0 16 0 44 60 60 2015-12-25
60 60 27 0 0 0 0 0 0 0 0 0 0 24 35 17 0 0 0 27 0 27 0 0 2015-12-26
0 40 60 60 21 0 0 0 20 0 4 0 0 0 0 0 0 0 12 0 58 60 60 60 2015-12-27
60 60 60 60 15 0 0 0 0 0 0 0 29 0 54 60 0 49 60 40 12 0 45 60 2015-12-28
60 60 60 49 0 0 0 0 0 0 41 0 57 23 30 0 21 4 0 0 0 0 0 0 2015-12-29
0 0 0 0 0 0 0 0 0 0 0 5 26 60 60 0 50 0 31 9 39 60 0 50 2015-12-30
46 60 60 48 0 0 0 0 0 0 0 0 0 42 41 60 0 49 56 37 0 34 60 60 2015-12-31
52 12 0 0 0 0 0 0 0 0 0 0 0 0 0 0 0 0 18 14 0 0 3 0 2016-01-01
0 10 55 15 0 0 0 0 0 0 18 57 15 0 0 0 0 0 0 0 0 0 0 0 2016-01-02
0 0 0 0 0 0 0 0 0 0 0 0 0 0 0 14 0 0 19 0 18 0 0 0 2016-01-03
0 0 0 0 0 0 0 0 0 0 0 0 0 0 0 0 0 0 17 19 0 0 0 0 2016-01-04
0 0 0 0 0 0 0 0 0 0 0 0 0 2 0 10 0 0 0 0 0 0 0 0 2016-01-07
36 50 22 56 10 0 0 0 0 0 0 0 0 0 0 0 0 2 3 0 0 0 0 0 2016-01-08
5 25 0 0 0 0 0 0 0 14 13 44 22 0 0 41 30 21 11 1 1 0 0 43 2016-01-11
0 0 0 0 0 0 0 0 0 0 4 0 20 0 0 0 41 0 0 0 0 0 0 0 2016-01-12
0 0 0 0 0 0 0 0 0 0 0 0 0 2 0 0 0 19 60 0 15 0 0 0 2016-01-22
0 39 57 0 0 0 0 0 0 0 27 40 48 0 0 8 48 20 0 0 0 20 52 50 2016-01-23
60 60 12 0 0 0 0 0 1 0 11 0 21 0 0 0 0 30 2 0 0 0 0 16 2016-01-26
48 41 0 0 0 0 0 0 0 0 0 10 40 0 0 48 0 3 50 33 0 0 0 0 2016-01-27
9 21 0 0 0 0 0 0 0 0 16 0 0 5 30 0 0 0 0 0 0 15 60 0 2016-01-28
20 14 0 0 0 0 0 0 0 0 0 0 9 3 0 0 0 5 34 0 0 0 0 54 2016-01-29
6 51 0 0 0 0 0 0 0 1 56 20 22 0 0 0 31 2 0 10 2 7 58 53 2016-01-30
30 0 0 0 0 0 0 0 0 0 2 0 57 0 0 0 0 1 0 0 0 0 44 26 2016-01-31
0 0 0 0 0 0 0 0 0 0 25 59 38 13 0 0 54 54 52 0 0 0 0 0 2016-02-01
