2014-02-07_19:04 2014-02-07_19:05
2014-02-07_19:05 2014-02-07_19:05
2014-02-07_19:05 2014-02-07_19:19
2014-02-07_19:52 2014-02-07_20:30
2014-02-07_21:38 2014-02-07_22:11
2014-02-07_22:18 2014-02-07_22:20
2014-02-07_22:22 2014-02-07_22:31
2014-02-08_00:19 2014-02-08_04:03
2014-02-08_04:18 2014-02-08_04:19
2014-02-08_12:49 2014-02-08_13:37
2014-02-08_13:54 2014-02-08_14:32 2014-02-08_14:49
2014-02-08_16:21 2014-02-08_18:21
2014-02-08_18:38 2014-02-08_18:38
2014-02-09_01:10 2014-02-09_01:11
2014-02-09_12:18 2014-02-09_12:52
2014-02-09_12:55 2014-02-09_12:55
2014-02-09_13:43 2014-02-09_13:57
2014-02-09_13:59 2014-02-09_13:59
2014-02-09_13:59 2014-02-09_13:59
2014-02-09_14:00
2014-02-09_14:01 2014-02-09_14:04
2014-02-09_22:46 2014-02-10_01:10
2014-02-10_10:26 2014-02-10_10:31
2014-02-10_19:01 2014-02-10_20:05
2014-02-10_20:09 2014-02-10_21:52
2014-02-10_22:45 2014-02-10_22:48
2014-02-10_23:19 2014-02-11_00:30
2014-02-11_11:25 2014-02-11_11:32
2014-02-11_11:43 2014-02-11_11:51
2014-02-11_15:35 2014-02-11_17:22
2014-02-11_17:33 2014-02-11_17:56
2014-02-11_18:28 2014-02-11_18:48
2014-02-11_19:11 2014-02-11_19:50
2014-02-11_20:05 2014-02-11_21:30
2014-02-11_21:32 2014-02-11_21:41
2014-02-11_21:43 2014-02-11_23:15
2014-02-11_23:18 2014-02-12_00:00 2014-02-12_01:21
2014-02-12_11:31 2014-02-12_12:18
2014-02-12_15:11 2014-02-12_15:13
2014-02-12_15:19 2014-02-12_15:51
2014-02-12_15:57 2014-02-12_16:32
2014-02-12_17:34 2014-02-12_19:43
2014-02-12_20:12 2014-02-12_20:54
2014-02-12_21:03 2014-02-13_02:02
2014-02-13_07:59 2014-02-13_08:22
2014-02-13_15:25 2014-02-13_16:48
2014-02-13_16:49 2014-02-13_17:23
2014-02-13_17:25 2014-02-13_17:35
2014-02-13_19:47 2014-02-13_20:08
2014-02-13_20:13 2014-02-13_20:16
2014-02-13_20:29 2014-02-14_00:40
2014-02-14_07:20 2014-02-14_09:20
2014-02-14_11:28 2014-02-14_12:01
2014-02-14_14:53 2014-02-14_15:21
2014-02-14_15:32 2014-02-14_15:47
2014-02-15_00:02 2014-02-15_02:58
2014-02-15_10:59 2014-02-15_13:29
2014-02-15_13:50 2014-02-15_14:08 2014-02-15_14:23
2014-02-15_14:33 2014-02-15_14:52
2014-02-15_16:47 2014-02-15_17:02
2014-02-15_17:19 2014-02-15_17:34
2014-02-15_20:22 2014-02-15_20:58
2014-02-15_21:04 2014-02-15_22:36
2014-02-15_22:40 2014-02-15_23:42
2014-02-15_23:47 2014-02-16_00:57
2014-02-16_00:57
2014-02-16_00:58
2014-02-16_00:58
2014-02-16_00:59
2014-02-16_00:59
2014-02-16_10:35 2014-02-16_13:08
2014-02-16_13:37 2014-02-16_18:42
2014-02-16_18:48 2014-02-16_19:13
2014-02-16_19:32 2014-02-16_20:29
2014-02-16_20:33 2014-02-16_21:26
2014-02-16_21:31 2014-02-16_22:46
2014-02-17_09:57 2014-02-17_10:04
2014-02-17_10:22 2014-02-17_12:11
2014-02-17_15:34 2014-02-17_15:36
2014-02-17_18:47 2014-02-17_19:34
2014-02-17_19:37 2014-02-17_19:45
2014-02-17_19:55 2014-02-18_01:21
2014-02-18_09:15 2014-02-18_09:59
2014-02-18_10:16 2014-02-18_10:19
2014-02-18_11:53 2014-02-18_11:57
2014-02-18_13:17 2014-02-18_13:28
2014-02-18_15:30 2014-02-18_15:30
2014-02-18_15:30 2014-02-18_17:19
2014-02-18_20:26 2014-02-18_22:28
2014-02-18_23:01 2014-02-19_01:28
2014-02-19_10:01 2014-02-19_11:07
2014-02-19_11:29 2014-02-19_12:19
2014-02-19_12:21 2014-02-19_12:24
2014-02-19_12:50 2014-02-19_13:17
2014-02-19_16:40 2014-02-19_17:58
2014-02-19_18:55 2014-02-19_18:57
2014-02-19_19:15 2014-02-19_20:12
2014-02-19_20:19 2014-02-19_23:05
2014-02-19_23:35 2014-02-20_00:48
2014-02-20_08:10 2014-02-20_08:30
2014-02-20_12:32 2014-02-20_13:11
2014-02-20_15:19 2014-02-20_17:16
2014-02-20_17:45 2014-02-20_17:45 2014-02-20_18:51
2014-02-20_18:58 2014-02-20_19:40
2014-02-20_19:42 2014-02-20_19:43
2014-02-20_20:10 2014-02-20_20:25
2014-02-20_20:44 2014-02-20_23:51
2014-02-21_07:30 2014-02-21_09:19
2014-02-21_09:25 2014-02-21_09:35
2014-02-21_10:58 2014-02-21_11:18
2014-02-21_11:22 2014-02-21_11:23
2014-02-21_11:24 2014-02-21_12:20
2014-02-21_12:21 2014-02-21_12:22 2014-02-21_13:00
2014-02-21_13:25 2014-02-21_14:50
2014-02-21_15:32 2014-02-21_18:38
2014-02-21_18:39 2014-02-22_01:56
2014-02-22_09:48 2014-02-22_10:45
2014-02-22_11:09 2014-02-22_13:01
2014-02-22_14:30 2014-02-22_16:00
2014-02-22_18:59 2014-02-22_20:05
2014-02-22_20:20 2014-02-22_22:45
2014-02-22_23:00 2014-02-23_01:29
2014-02-23_13:59 2014-02-23_14:35
2014-02-23_14:39 2014-02-23_21:16
2014-02-23_21:20 2014-02-23_21:49
2014-02-23_22:09 2014-02-23_22:48
2014-02-23_23:03 2014-02-24_00:53
2014-02-24_09:51 2014-02-24_09:59
2014-02-24_10:21 2014-02-24_10:37
2014-02-24_11:40 2014-02-24_11:40
2014-02-24_12:00 2014-02-24_13:15
2014-02-24_16:13 2014-02-24_16:20
2014-02-24_18:48 2014-02-24_19:56
2014-02-24_20:00 2014-02-24_21:59
2014-02-24_22:05 2014-02-25_00:13
2014-02-25_00:19 2014-02-25_00:22
2014-02-25_11:49 2014-02-25_11:55
2014-02-25_11:57 2014-02-25_12:00
2014-02-25_15:23 2014-02-25_17:14
2014-02-25_18:27 2014-02-25_18:52
2014-02-25_19:14 2014-02-25_20:00
2014-02-25_20:18 2014-02-26_02:36
2014-02-26_09:31 2014-02-26_10:52
2014-02-26_16:12 2014-02-26_17:30
2014-02-26_21:15 2014-02-26_23:24
2014-02-26_23:30 2014-02-27_01:25
2014-02-27_08:09 2014-02-27_08:29
2014-02-27_09:23 2014-02-27_10:16
2014-02-27_10:24 2014-02-27_10:27
2014-02-27_13:00 2014-02-27_15:12
2014-02-27_15:25 2014-02-27_17:19
2014-02-27_17:31 2014-02-27_18:14
2014-02-27_21:49 2014-02-27_23:24
2014-02-27_23:27 2014-02-28_00:50
2014-02-28_00:58 2014-02-28_01:00
2014-02-28_07:19 2014-02-28_07:20
2014-02-28_11:28 2014-02-28_12:21
2014-02-28_12:22 2014-02-28_12:51
2014-02-28_18:00 2014-02-28_18:13
2014-02-28_19:42 2014-02-28_23:17
2014-02-28_23:23 2014-03-01_01:42
2014-03-01_11:20 2014-03-01_13:08
2014-03-01_13:26 2014-03-01_14:28
2014-03-01_17:35 2014-03-01_18:32
2014-03-01_18:47
2014-03-01_19:08 2014-03-01_20:09
2014-03-01_20:22 2014-03-02_02:20
2014-03-02_10:28 2014-03-02_11:46
2014-03-02_11:58 2014-03-02_13:32
2014-03-02_13:44 2014-03-02_14:32
2014-03-02_14:49 2014-03-02_18:56
2014-03-02_19:17 2014-03-02_20:20
2014-03-02_21:05 2014-03-03_01:21
2014-03-03_10:02 2014-03-03_10:04
2014-03-03_10:15 2014-03-03_12:07
2014-03-03_15:23 2014-03-03_16:40
2014-03-03_17:00 2014-03-03_17:28
2014-03-03_17:48 2014-03-03_17:51
2014-03-03_18:45 2014-03-03_19:14
2014-03-03_19:56 2014-03-03_22:04
2014-03-03_22:07 2014-03-03_22:18
2014-03-03_22:54 2014-03-04_00:18
2014-03-04_09:06 2014-03-04_10:05
2014-03-04_11:51 2014-03-04_12:00
2014-03-04_13:33 2014-03-04_13:35
2014-03-04_15:27 2014-03-04_16:58
2014-03-04_16:59 2014-03-04_17:22
2014-03-04_17:33 2014-03-04_17:51
2014-03-04_20:52 2014-03-05_00:32
2014-03-05_01:05 2014-03-05_01:07
2014-03-05_10:08 2014-03-05_11:00
2014-03-05_11:24 2014-03-05_11:57
2014-03-05_16:26 2014-03-05_17:55
2014-03-05_18:04 2014-03-05_18:05
2014-03-05_18:22 2014-03-05_18:28
2014-03-05_19:27 2014-03-05_20:02
2014-03-05_20:11 2014-03-05_23:41
2014-03-06_00:35 2014-03-06_00:38
2014-03-06_11:56 2014-03-06_12:01 2014-03-06_13:06
2014-03-06_13:21 2014-03-06_13:26
2014-03-06_14:56 2014-03-06_15:17
2014-03-06_15:25 2014-03-06_15:34
2014-03-06_15:48 2014-03-06_16:49
2014-03-06_17:06 2014-03-06_17:23
2014-03-06_17:43 2014-03-06_18:46
2014-03-06_20:41 2014-03-06_23:49
2014-03-06_23:53 2014-03-06_23:53
2014-03-07_07:19 2014-03-07_09:16
2014-03-07_10:37 2014-03-07_10:48
2014-03-07_12:17 2014-03-07_12:18
2014-03-07_13:03 2014-03-07_13:11
2014-03-07_19:23 2014-03-07_20:01
2014-03-07_20:05 2014-03-07_21:41
2014-03-07_22:02 2014-03-07_22:41
2014-03-07_22:50 2014-03-08_00:28
2014-03-08_12:41 2014-03-08_13:01
2014-03-08_14:32 2014-03-08_15:18
2014-03-08_15:36 2014-03-08_15:46
2014-03-08_15:47 2014-03-08_17:29
2014-03-08_17:51 2014-03-08_18:15
2014-03-08_18:31 2014-03-08_18:51
2014-03-08_18:59 2014-03-09_00:04
2014-03-09_11:48 2014-03-09_12:30
2014-03-09_12:39 2014-03-09_13:00
2014-03-09_13:23 2014-03-09_13:26
2014-03-09_13:27 2014-03-09_13:27
2014-03-09_15:36 2014-03-09_18:51
2014-03-09_18:52 2014-03-09_18:58
2014-03-09_19:08 2014-03-09_21:06
2014-03-09_21:13 2014-03-09_23:57
2014-03-10_10:16 2014-03-10_12:03
2014-03-10_12:03 2014-03-10_12:25
2014-03-10_13:35 2014-03-10_13:45
2014-03-10_14:43 2014-03-10_15:42
2014-03-10_15:54 2014-03-10_17:05
2014-03-10_20:58 2014-03-10_21:35
2014-03-10_21:38 2014-03-10_21:43
2014-03-10_23:28 2014-03-10_23:29
2014-03-11_09:09 2014-03-11_09:24
2014-03-11_09:28 2014-03-11_09:33
2014-03-11_15:31 2014-03-11_17:05
2014-03-11_17:06 2014-03-11_17:12
2014-03-11_17:45 2014-03-11_18:01
2014-03-11_18:12 2014-03-11_18:55
2014-03-11_20:59 2014-03-11_20:59
2014-03-11_21:00 2014-03-11_21:13
2014-03-12_10:18 2014-03-12_10:20
2014-03-12_10:29 2014-03-12_10:33
2014-03-12_10:34 2014-03-12_11:41
2014-03-12_11:44 2014-03-12_13:54
2014-03-12_16:28 2014-03-12_16:36
2014-03-12_16:44 2014-03-12_17:07
2014-03-12_17:10 2014-03-12_17:12
2014-03-12_17:19 2014-03-12_17:19
2014-03-12_17:25 2014-03-12_17:28
2014-03-12_19:34 2014-03-12_19:35 2014-03-12_19:57
2014-03-12_20:00 2014-03-12_22:28
2014-03-12_22:36 2014-03-13_01:09
2014-03-13_08:18 2014-03-13_08:18 2014-03-13_08:23
2014-03-13_13:10 2014-03-13_13:58
2014-03-13_14:55 2014-03-13_14:56
2014-03-13_15:30 2014-03-13_17:19
2014-03-13_17:30 2014-03-13_18:20
2014-03-13_18:32 2014-03-13_18:36
2014-03-13_19:16 2014-03-13_19:42
2014-03-14_01:08 2014-03-14_02:29
2014-03-14_07:25 2014-03-14_09:11
2014-03-14_11:45 2014-03-14_11:47
2014-03-14_14:09 2014-03-14_14:09
2014-03-14_14:39 2014-03-14_15:49
2014-03-14_19:14 2014-03-14_20:12
2014-03-14_20:28 2014-03-14_20:52
2014-03-14_21:01 2014-03-15_01:57
2014-03-15_12:41 2014-03-15_12:51
2014-03-15_22:44 2014-03-16_02:43
2014-03-16_13:59 2014-03-16_13:59 2014-03-16_14:28
2014-03-16_15:06 2014-03-16_15:44
2014-03-16_15:46 2014-03-16_17:13
2014-03-16_17:43 2014-03-16_19:30
2014-03-16_19:32 2014-03-16_20:34
2014-03-16_20:35 2014-03-17_02:44
2014-03-17_18:20 2014-03-17_18:25
2014-03-17_18:27 2014-03-17_19:38
2014-03-17_19:53 2014-03-17_20:11
2014-03-17_20:12 2014-03-17_22:52
2014-03-18_04:09 2014-03-18_05:41
2014-03-18_13:12 2014-03-18_17:33
2014-03-18_18:45 2014-03-18_18:50
2014-03-18_19:28 2014-03-18_19:53
2014-03-18_20:55 2014-03-18_20:56
2014-03-18_22:11 2014-03-19_04:19
2014-03-19_04:19 2014-03-19_04:19 2014-03-19_13:12 2014-03-19_18:56
2014-03-19_19:57 2014-03-19_20:34
2014-03-19_20:37 2014-03-19_22:02
2014-03-19_22:04 2014-03-19_22:08
2014-03-19_22:44 2014-03-19_23:48
2014-03-20_00:14 2014-03-20_04:07
2014-03-20_04:08 2014-03-20_04:32
2014-03-20_04:53 2014-03-20_06:14
2014-03-20_06:38 2014-03-20_08:07
2014-03-20_13:31 2014-03-20_14:36
2014-03-20_16:09 2014-03-20_16:10
2014-03-20_16:12 2014-03-20_16:42
2014-03-20_18:51 2014-03-20_19:05
2014-03-20_19:08 2014-03-20_19:49
2014-03-20_20:06 2014-03-20_21:41
2014-03-20_21:51 2014-03-20_22:00
2014-03-20_22:03 2014-03-20_22:51
2014-03-20_22:56 2014-03-21_01:59
2014-03-21_10:21 2014-03-21_11:51
2014-03-21_12:27 2014-03-21_12:55
2014-03-21_13:28 2014-03-21_13:59
2014-03-21_14:19 2014-03-21_15:21
2014-03-21_16:22 2014-03-21_17:30
2014-03-21_17:50 2014-03-21_17:50
2014-03-21_18:39 2014-03-21_19:13
2014-03-21_22:09 2014-03-21_23:32
2014-03-21_23:33 2014-03-22_01:27
2014-03-22_01:35 2014-03-22_03:13
2014-03-22_14:43 2014-03-22_17:01
2014-03-22_17:04 2014-03-22_17:57
2014-03-22_18:20 2014-03-22_19:56
2014-03-22_21:15 2014-03-22_22:20
2014-03-22_23:06 2014-03-23_00:22
2014-03-23_19:29 2014-03-23_22:51
2014-03-23_23:56 2014-03-24_00:31
2014-03-24_09:22 2014-03-24_09:34
2014-03-24_10:22 2014-03-24_10:34
2014-03-24_10:36 2014-03-24_11:57
2014-03-24_13:14 2014-03-24_13:33
2014-03-24_14:58 2014-03-24_15:03
2014-03-24_15:39 2014-03-24_16:13
2014-03-24_16:30 2014-03-24_16:31
2014-03-24_19:15 2014-03-24_20:02
2014-03-24_20:06 2014-03-24_21:54
2014-03-24_21:56 2014-03-24_22:41
2014-03-24_22:46 2014-03-24_23:08
2014-03-25_00:06 2014-03-25_00:08 2014-03-25_00:08
2014-03-25_12:00 2014-03-25_12:00 2014-03-25_12:02
2014-03-25_15:32 2014-03-25_17:17
2014-03-25_20:34 2014-03-26_00:50
2014-03-26_09:47 2014-03-26_10:46
2014-03-26_11:28 2014-03-26_12:18
2014-03-26_12:22 2014-03-26_12:50
2014-03-26_18:14 2014-03-26_18:55
2014-03-26_19:10 2014-03-26_19:20
2014-03-26_19:42 2014-03-26_23:23
2014-03-27_00:22 2014-03-27_01:24
2014-03-27_15:52 2014-03-27_17:11
2014-03-27_18:04 2014-03-27_19:03
2014-03-27_19:07 2014-03-27_19:08
2014-03-27_19:11 2014-03-27_19:13
2014-03-27_19:35 2014-03-27_20:17
2014-03-27_20:21 2014-03-27_21:26
2014-03-27_22:35 2014-03-28_00:36
2014-03-28_06:53 2014-03-28_06:54
2014-03-28_07:11 2014-03-28_09:11
2014-03-28_09:16 2014-03-28_09:29
2014-03-28_11:39 2014-03-28_12:15
2014-03-28_14:26 2014-03-28_14:27
2014-03-28_15:28 2014-03-28_15:31
2014-03-28_18:33 2014-03-28_19:03
2014-03-28_19:46 2014-03-28_19:47
2014-03-28_22:02 2014-03-28_22:11
2014-03-28_22:31 2014-03-29_02:34
2014-03-29_11:37 2014-03-29_11:41
2014-03-29_14:45 2014-03-29_14:50
2014-03-29_15:05 2014-03-29_15:05
2014-03-29_19:36 2014-03-29_19:42
2014-03-29_19:48 2014-03-29_20:00
2014-03-29_20:04 2014-03-29_21:04
2014-03-29_21:07 2014-03-29_21:15
2014-03-29_21:22 2014-03-30_01:30
2014-03-30_02:09
2014-03-30_11:10 2014-03-30_13:00
2014-03-30_13:28 2014-03-30_13:35
2014-03-30_13:43 2014-03-30_15:28
2014-03-30_15:40 2014-03-30_17:04
2014-03-30_17:34 2014-03-30_20:30
2014-03-30_20:49 2014-03-30_23:50
2014-03-31_00:43 2014-03-31_00:45
2014-03-31_09:54
2014-03-31_10:01 2014-03-31_10:02 2014-03-31_10:18
2014-03-31_10:28 2014-03-31_10:34
2014-03-31_10:35 2014-03-31_12:15
2014-03-31_16:39 2014-03-31_16:40
2014-03-31_17:42 2014-03-31_17:47
2014-03-31_18:13 2014-03-31_19:11
2014-03-31_19:16 2014-03-31_20:02
2014-03-31_20:05 2014-04-01_00:49
2014-04-01_08:35 2014-04-01_08:56
2014-04-01_09:21 2014-04-01_10:19
2014-04-01_13:09 2014-04-01_13:15
2014-04-01_15:23 2014-04-01_17:13
2014-04-01_17:53 2014-04-01_18:32
2014-04-01_19:04 2014-04-01_20:13
2014-04-01_20:18 2014-04-01_22:18
2014-04-01_22:21 2014-04-01_22:23 2014-04-01_22:36
2014-04-01_22:36 2014-04-01_23:32
2014-04-01_23:43 2014-04-02_01:16
2014-04-02_10:08 2014-04-02_10:13
2014-04-02_10:26 2014-04-02_11:41
2014-04-02_11:46 2014-04-02_12:18
2014-04-02_12:22 2014-04-02_12:45
2014-04-02_14:04 2014-04-02_14:06
2014-04-02_14:26 2014-04-02_14:33
2014-04-02_14:39 2014-04-02_15:29
2014-04-02_15:30 2014-04-02_16:21
2014-04-02_16:36 2014-04-02_17:00
2014-04-02_17:25 2014-04-02_17:46
2014-04-02_18:40 2014-04-02_22:42
2014-04-02_23:40 2014-04-03_00:30
2014-04-03_08:19 2014-04-03_08:23
2014-04-03_09:24 2014-04-03_09:31
2014-04-03_11:01 2014-04-03_11:24
2014-04-03_12:48 2014-04-03_13:13
2014-04-03_15:18 2014-04-03_15:20
2014-04-03_15:26 2014-04-03_15:40
2014-04-03_16:09 2014-04-03_16:14
2014-04-03_17:04 2014-04-03_17:04
2014-04-03_18:39 2014-04-03_18:39
2014-04-03_18:39 2014-04-03_18:41
2014-04-03_18:56 2014-04-03_19:01
2014-04-03_19:01 2014-04-03_19:33
2014-04-03_21:44 2014-04-03_22:39
2014-04-03_22:47 2014-04-04_00:34
2014-04-04_08:25 2014-04-04_09:09
2014-04-04_11:01 2014-04-04_12:05
2014-04-04_18:54 2014-04-04_19:53
2014-04-04_20:32 2014-04-04_20:44
2014-04-04_20:45 2014-04-04_20:45
2014-04-04_20:54 2014-04-04_22:12
2014-04-04_22:39 2014-04-04_23:12
2014-04-05_02:06 2014-04-05_02:23
2014-04-05_11:15 2014-04-05_11:57
2014-04-05_11:58 2014-04-05_12:06
2014-04-05_12:47 2014-04-05_13:23
2014-04-05_13:27 2014-04-05_13:48
2014-04-05_13:59 2014-04-05_14:27
2014-04-05_14:50 2014-04-05_16:13
2014-04-05_16:14 2014-04-05_16:14
2014-04-05_16:18 2014-04-05_16:37
2014-04-05_20:04 2014-04-05_20:45
2014-04-05_23:07 2014-04-05_23:12
2014-04-06_02:20 2014-04-06_02:21
2014-04-06_10:21 2014-04-06_11:47
2014-04-06_11:59 2014-04-06_12:02 2014-04-06_12:33
2014-04-06_12:33 2014-04-06_12:34
2014-04-06_12:56 2014-04-06_13:19
2014-04-06_13:28 2014-04-06_13:38
2014-04-06_14:31 2014-04-06_14:44
2014-04-06_22:42 2014-04-07_01:44 2014-04-07_01:44
2014-04-07_09:21 2014-04-07_09:31
2014-04-07_10:23 2014-04-07_10:49
2014-04-07_10:51 2014-04-07_11:56
2014-04-07_15:54 2014-04-07_16:07
2014-04-07_16:32 2014-04-07_16:50
2014-04-07_17:59 2014-04-07_18:06
2014-04-07_18:59 2014-04-07_19:00
2014-04-08_01:40 2014-04-08_01:40
2014-04-08_09:13 